0 info it worked if it ends with ok
1 verbose cli [ '/usr/bin/node',
1 verbose cli   '/usr/bin/npm',
1 verbose cli   'install',
1 verbose cli   '-g',
1 verbose cli   '@angular/cli' ]
2 info using npm@6.14.4
3 info using node@v10.19.0
4 verbose npm-session cdad840928aebf02
5 silly install loadCurrentTree
6 silly install readGlobalPackageData
7 http fetch GET 304 https://registry.npmjs.org/@angular%2fcli 187ms (from cache)
8 silly pacote tag manifest for @angular/cli@latest fetched in 237ms
9 timing stage:loadCurrentTree Completed in 255ms
10 silly install loadIdealTree
11 silly install cloneCurrentTreeToIdealTree
12 timing stage:loadIdealTree:cloneCurrentTree Completed in 0ms
13 silly install loadShrinkwrap
14 timing stage:loadIdealTree:loadShrinkwrap Completed in 2ms
15 silly install loadAllDepsIntoIdealTree
16 silly resolveWithNewModule @angular/cli@15.2.6 checking installable status
17 http fetch GET 304 https://registry.npmjs.org/jsonc-parser 100ms (from cache)
18 silly pacote version manifest for jsonc-parser@3.2.0 fetched in 107ms
19 silly resolveWithNewModule jsonc-parser@3.2.0 checking installable status
20 http fetch GET 304 https://registry.npmjs.org/npm-package-arg 108ms (from cache)
21 silly pacote version manifest for npm-package-arg@10.1.0 fetched in 117ms
22 silly resolveWithNewModule npm-package-arg@10.1.0 checking installable status
23 http fetch GET 304 https://registry.npmjs.org/ini 138ms (from cache)
24 http fetch GET 304 https://registry.npmjs.org/ansi-colors 144ms (from cache)
25 silly pacote version manifest for ini@3.0.1 fetched in 147ms
26 silly resolveWithNewModule ini@3.0.1 checking installable status
27 silly pacote version manifest for ansi-colors@4.1.3 fetched in 160ms
28 silly resolveWithNewModule ansi-colors@4.1.3 checking installable status
29 http fetch GET 304 https://registry.npmjs.org/@yarnpkg%2flockfile 182ms (from cache)
30 http fetch GET 304 https://registry.npmjs.org/inquirer 186ms (from cache)
31 silly pacote version manifest for @yarnpkg/lockfile@1.1.0 fetched in 195ms
32 silly resolveWithNewModule @yarnpkg/lockfile@1.1.0 checking installable status
33 silly pacote version manifest for inquirer@8.2.4 fetched in 197ms
34 silly resolveWithNewModule inquirer@8.2.4 checking installable status
35 http fetch GET 304 https://registry.npmjs.org/npm-pick-manifest 105ms (from cache)
36 silly pacote version manifest for npm-pick-manifest@8.0.1 fetched in 110ms
37 silly resolveWithNewModule npm-pick-manifest@8.0.1 checking installable status
38 http fetch GET 304 https://registry.npmjs.org/open 103ms (from cache)
39 silly pacote version manifest for open@8.4.1 fetched in 107ms
40 silly resolveWithNewModule open@8.4.1 checking installable status
41 http fetch GET 304 https://registry.npmjs.org/ora 86ms (from cache)
42 silly pacote version manifest for ora@5.4.1 fetched in 90ms
43 silly resolveWithNewModule ora@5.4.1 checking installable status
44 http fetch GET 304 https://registry.npmjs.org/@angular-devkit%2farchitect 248ms (from cache)
45 silly pacote version manifest for @angular-devkit/architect@0.1502.6 fetched in 262ms
46 silly resolveWithNewModule @angular-devkit/architect@0.1502.6 checking installable status
47 http fetch GET 304 https://registry.npmjs.org/resolve 67ms (from cache)
48 silly pacote version manifest for resolve@1.22.1 fetched in 73ms
49 silly resolveWithNewModule resolve@1.22.1 checking installable status
50 http fetch GET 304 https://registry.npmjs.org/pacote 109ms (from cache)
51 http fetch GET 304 https://registry.npmjs.org/symbol-observable 74ms (from cache)
52 silly pacote version manifest for pacote@15.1.0 fetched in 135ms
53 silly resolveWithNewModule pacote@15.1.0 checking installable status
54 silly pacote version manifest for symbol-observable@4.0.0 fetched in 84ms
55 silly resolveWithNewModule symbol-observable@4.0.0 checking installable status
56 http fetch GET 304 https://registry.npmjs.org/semver 105ms (from cache)
57 silly pacote version manifest for semver@7.3.8 fetched in 108ms
58 silly resolveWithNewModule semver@7.3.8 checking installable status
59 http fetch GET 304 https://registry.npmjs.org/@schematics%2fangular 317ms (from cache)
60 http fetch GET 304 https://registry.npmjs.org/@angular-devkit%2fcore 335ms (from cache)
61 silly pacote version manifest for @schematics/angular@15.2.6 fetched in 347ms
62 silly resolveWithNewModule @schematics/angular@15.2.6 checking installable status
63 silly pacote version manifest for @angular-devkit/core@15.2.6 fetched in 349ms
64 silly resolveWithNewModule @angular-devkit/core@15.2.6 checking installable status
65 http fetch GET 304 https://registry.npmjs.org/yargs 115ms (from cache)
66 http fetch GET 304 https://registry.npmjs.org/@angular-devkit%2fschematics 355ms (from cache)
67 silly pacote version manifest for yargs@17.6.2 fetched in 134ms
68 silly resolveWithNewModule yargs@17.6.2 checking installable status
69 silly pacote version manifest for @angular-devkit/schematics@15.2.6 fetched in 370ms
70 silly resolveWithNewModule @angular-devkit/schematics@15.2.6 checking installable status
71 http fetch GET 304 https://registry.npmjs.org/rxjs 35ms (from cache)
72 silly pacote version manifest for rxjs@6.6.7 fetched in 42ms
73 silly resolveWithNewModule rxjs@6.6.7 checking installable status
74 http fetch GET 304 https://registry.npmjs.org/ajv-formats 33ms (from cache)
75 silly pacote version manifest for ajv-formats@2.1.1 fetched in 36ms
76 silly resolveWithNewModule ajv-formats@2.1.1 checking installable status
77 http fetch GET 304 https://registry.npmjs.org/source-map 46ms (from cache)
78 silly pacote version manifest for source-map@0.7.4 fetched in 48ms
79 silly resolveWithNewModule source-map@0.7.4 checking installable status
80 http fetch GET 304 https://registry.npmjs.org/ajv 52ms (from cache)
81 silly pacote version manifest for ajv@8.12.0 fetched in 74ms
82 silly resolveWithNewModule ajv@8.12.0 checking installable status
83 http fetch GET 304 https://registry.npmjs.org/json-schema-traverse 59ms (from cache)
84 silly pacote range manifest for json-schema-traverse@^1.0.0 fetched in 60ms
85 silly resolveWithNewModule json-schema-traverse@1.0.0 checking installable status
86 http fetch GET 304 https://registry.npmjs.org/fast-deep-equal 61ms (from cache)
87 http fetch GET 304 https://registry.npmjs.org/require-from-string 62ms (from cache)
88 silly pacote range manifest for fast-deep-equal@^3.1.1 fetched in 65ms
89 silly resolveWithNewModule fast-deep-equal@3.1.3 checking installable status
90 silly pacote range manifest for require-from-string@^2.0.2 fetched in 64ms
91 silly resolveWithNewModule require-from-string@2.0.2 checking installable status
92 http fetch GET 304 https://registry.npmjs.org/uri-js 67ms (from cache)
93 silly pacote range manifest for uri-js@^4.2.2 fetched in 68ms
94 silly resolveWithNewModule uri-js@4.4.1 checking installable status
95 http fetch GET 304 https://registry.npmjs.org/punycode 29ms (from cache)
96 silly pacote range manifest for punycode@^2.1.0 fetched in 31ms
97 silly resolveWithNewModule punycode@2.3.0 checking installable status
98 http fetch GET 304 https://registry.npmjs.org/tslib 27ms (from cache)
99 silly pacote range manifest for tslib@^1.9.0 fetched in 29ms
100 silly resolveWithNewModule tslib@1.14.1 checking installable status
101 http fetch GET 304 https://registry.npmjs.org/magic-string 45ms (from cache)
102 silly pacote version manifest for magic-string@0.29.0 fetched in 47ms
103 silly resolveWithNewModule magic-string@0.29.0 checking installable status
104 http fetch GET 304 https://registry.npmjs.org/@jridgewell%2fsourcemap-codec 72ms (from cache)
105 silly pacote range manifest for @jridgewell/sourcemap-codec@^1.4.13 fetched in 73ms
106 silly resolveWithNewModule @jridgewell/sourcemap-codec@1.4.15 checking installable status
107 http fetch GET 304 https://registry.npmjs.org/chalk 39ms (from cache)
108 silly pacote range manifest for chalk@^4.1.0 fetched in 41ms
109 silly resolveWithNewModule chalk@4.1.2 checking installable status
110 http fetch GET 304 https://registry.npmjs.org/cli-spinners 46ms (from cache)
111 silly pacote range manifest for cli-spinners@^2.5.0 fetched in 48ms
112 silly resolveWithNewModule cli-spinners@2.8.0 checking installable status
113 http fetch GET 304 https://registry.npmjs.org/is-interactive 73ms (from cache)
114 silly pacote range manifest for is-interactive@^1.0.0 fetched in 77ms
115 silly resolveWithNewModule is-interactive@1.0.0 checking installable status
116 http fetch GET 304 https://registry.npmjs.org/cli-cursor 79ms (from cache)
117 http fetch GET 304 https://registry.npmjs.org/log-symbols 79ms (from cache)
118 http fetch GET 304 https://registry.npmjs.org/strip-ansi 80ms (from cache)
119 silly pacote range manifest for cli-cursor@^3.1.0 fetched in 82ms
120 silly resolveWithNewModule cli-cursor@3.1.0 checking installable status
121 http fetch GET 304 https://registry.npmjs.org/bl 84ms (from cache)
122 http fetch GET 304 https://registry.npmjs.org/is-unicode-supported 83ms (from cache)
123 silly pacote range manifest for log-symbols@^4.1.0 fetched in 84ms
124 silly resolveWithNewModule log-symbols@4.1.0 checking installable status
125 silly pacote range manifest for strip-ansi@^6.0.0 fetched in 85ms
126 silly resolveWithNewModule strip-ansi@6.0.1 checking installable status
127 silly pacote range manifest for bl@^4.1.0 fetched in 88ms
128 silly resolveWithNewModule bl@4.1.0 checking installable status
129 silly pacote range manifest for is-unicode-supported@^0.1.0 fetched in 87ms
130 silly resolveWithNewModule is-unicode-supported@0.1.0 checking installable status
131 http fetch GET 304 https://registry.npmjs.org/wcwidth 1160ms (from cache)
132 silly pacote range manifest for wcwidth@^1.0.1 fetched in 1161ms
133 silly resolveWithNewModule wcwidth@1.0.1 checking installable status
134 http fetch GET 304 https://registry.npmjs.org/inherits 65ms (from cache)
135 silly pacote range manifest for inherits@^2.0.4 fetched in 67ms
136 silly resolveWithNewModule inherits@2.0.4 checking installable status
137 http fetch GET 304 https://registry.npmjs.org/readable-stream 68ms (from cache)
138 silly pacote range manifest for readable-stream@^3.4.0 fetched in 78ms
139 silly resolveWithNewModule readable-stream@3.6.2 checking installable status
140 http fetch GET 304 https://registry.npmjs.org/buffer 80ms (from cache)
141 silly pacote range manifest for buffer@^5.5.0 fetched in 83ms
142 silly resolveWithNewModule buffer@5.7.1 checking installable status
143 http fetch GET 304 https://registry.npmjs.org/base64-js 29ms (from cache)
144 silly pacote range manifest for base64-js@^1.3.1 fetched in 30ms
145 silly resolveWithNewModule base64-js@1.5.1 checking installable status
146 http fetch GET 304 https://registry.npmjs.org/ieee754 42ms (from cache)
147 silly pacote range manifest for ieee754@^1.1.13 fetched in 44ms
148 silly resolveWithNewModule ieee754@1.2.1 checking installable status
149 http fetch GET 304 https://registry.npmjs.org/util-deprecate 35ms (from cache)
150 silly pacote range manifest for util-deprecate@^1.0.1 fetched in 36ms
151 silly resolveWithNewModule util-deprecate@1.0.2 checking installable status
152 http fetch GET 304 https://registry.npmjs.org/string_decoder 49ms (from cache)
153 silly pacote range manifest for string_decoder@^1.1.1 fetched in 50ms
154 silly resolveWithNewModule string_decoder@1.3.0 checking installable status
155 http fetch GET 304 https://registry.npmjs.org/safe-buffer 32ms (from cache)
156 silly pacote range manifest for safe-buffer@~5.2.0 fetched in 34ms
157 silly resolveWithNewModule safe-buffer@5.2.1 checking installable status
158 http fetch GET 304 https://registry.npmjs.org/ansi-styles 36ms (from cache)
159 http fetch GET 304 https://registry.npmjs.org/supports-color 36ms (from cache)
160 silly pacote range manifest for ansi-styles@^4.1.0 fetched in 39ms
161 silly resolveWithNewModule ansi-styles@4.3.0 checking installable status
162 silly pacote range manifest for supports-color@^7.1.0 fetched in 40ms
163 silly resolveWithNewModule supports-color@7.2.0 checking installable status
164 http fetch GET 304 https://registry.npmjs.org/color-convert 45ms (from cache)
165 silly pacote range manifest for color-convert@^2.0.1 fetched in 46ms
166 silly resolveWithNewModule color-convert@2.0.1 checking installable status
167 http fetch GET 304 https://registry.npmjs.org/color-name 32ms (from cache)
168 silly pacote range manifest for color-name@~1.1.4 fetched in 33ms
169 silly resolveWithNewModule color-name@1.1.4 checking installable status
170 http fetch GET 304 https://registry.npmjs.org/has-flag 28ms (from cache)
171 silly pacote range manifest for has-flag@^4.0.0 fetched in 29ms
172 silly resolveWithNewModule has-flag@4.0.0 checking installable status
173 http fetch GET 304 https://registry.npmjs.org/restore-cursor 31ms (from cache)
174 silly pacote range manifest for restore-cursor@^3.1.0 fetched in 32ms
175 silly resolveWithNewModule restore-cursor@3.1.0 checking installable status
176 http fetch GET 304 https://registry.npmjs.org/onetime 33ms (from cache)
177 silly pacote range manifest for onetime@^5.1.0 fetched in 34ms
178 silly resolveWithNewModule onetime@5.1.2 checking installable status
179 http fetch GET 304 https://registry.npmjs.org/signal-exit 35ms (from cache)
180 silly pacote range manifest for signal-exit@^3.0.2 fetched in 36ms
181 silly resolveWithNewModule signal-exit@3.0.7 checking installable status
182 http fetch GET 304 https://registry.npmjs.org/mimic-fn 28ms (from cache)
183 silly pacote range manifest for mimic-fn@^2.1.0 fetched in 29ms
184 silly resolveWithNewModule mimic-fn@2.1.0 checking installable status
185 http fetch GET 304 https://registry.npmjs.org/ansi-regex 27ms (from cache)
186 silly pacote range manifest for ansi-regex@^5.0.1 fetched in 29ms
187 silly resolveWithNewModule ansi-regex@5.0.1 checking installable status
188 http fetch GET 304 https://registry.npmjs.org/defaults 31ms (from cache)
189 silly pacote range manifest for defaults@^1.0.3 fetched in 32ms
190 silly resolveWithNewModule defaults@1.0.4 checking installable status
191 http fetch GET 304 https://registry.npmjs.org/clone 30ms (from cache)
192 silly pacote range manifest for clone@^1.0.2 fetched in 32ms
193 silly resolveWithNewModule clone@1.0.4 checking installable status
194 silly pacote range manifest for rxjs@^7.5.5 fetched in 5ms
195 silly resolveWithNewModule rxjs@7.8.0 checking installable status
196 http fetch GET 304 https://registry.npmjs.org/figures 57ms (from cache)
197 http fetch GET 304 https://registry.npmjs.org/cli-width 71ms (from cache)
198 silly pacote range manifest for figures@^3.0.0 fetched in 68ms
199 silly resolveWithNewModule figures@3.2.0 checking installable status
200 silly pacote range manifest for cli-width@^3.0.0 fetched in 77ms
201 silly resolveWithNewModule cli-width@3.0.0 checking installable status
202 http fetch GET 304 https://registry.npmjs.org/external-editor 78ms (from cache)
203 http fetch GET 304 https://registry.npmjs.org/run-async 71ms (from cache)
204 http fetch GET 304 https://registry.npmjs.org/mute-stream 71ms (from cache)
205 http fetch GET 304 https://registry.npmjs.org/through 72ms (from cache)
206 http fetch GET 304 https://registry.npmjs.org/ansi-escapes 83ms (from cache)
207 silly pacote range manifest for external-editor@^3.0.3 fetched in 83ms
208 silly resolveWithNewModule external-editor@3.1.0 checking installable status
209 silly pacote range manifest for run-async@^2.4.0 fetched in 76ms
210 silly resolveWithNewModule run-async@2.4.1 checking installable status
211 silly pacote version manifest for mute-stream@0.0.8 fetched in 77ms
212 silly resolveWithNewModule mute-stream@0.0.8 checking installable status
213 silly pacote range manifest for through@^2.3.6 fetched in 77ms
214 silly resolveWithNewModule through@2.3.8 checking installable status
215 silly pacote range manifest for ansi-escapes@^4.2.1 fetched in 87ms
216 silly resolveWithNewModule ansi-escapes@4.3.2 checking installable status
217 http fetch GET 304 https://registry.npmjs.org/string-width 79ms (from cache)
218 http fetch GET 304 https://registry.npmjs.org/lodash 81ms (from cache)
219 silly pacote range manifest for string-width@^4.1.0 fetched in 83ms
220 silly resolveWithNewModule string-width@4.2.3 checking installable status
221 silly pacote range manifest for lodash@^4.17.21 fetched in 85ms
222 silly resolveWithNewModule lodash@4.17.21 checking installable status
223 http fetch GET 304 https://registry.npmjs.org/wrap-ansi 75ms (from cache)
224 silly pacote range manifest for wrap-ansi@^7.0.0 fetched in 76ms
225 silly resolveWithNewModule wrap-ansi@7.0.0 checking installable status
226 http fetch GET 304 https://registry.npmjs.org/type-fest 33ms (from cache)
227 silly pacote range manifest for type-fest@^0.21.3 fetched in 35ms
228 silly resolveWithNewModule type-fest@0.21.3 checking installable status
229 http fetch GET 304 https://registry.npmjs.org/chardet 36ms (from cache)
230 http fetch GET 304 https://registry.npmjs.org/tmp 36ms (from cache)
231 http fetch GET 304 https://registry.npmjs.org/iconv-lite 39ms (from cache)
232 silly pacote range manifest for chardet@^0.7.0 fetched in 40ms
233 silly resolveWithNewModule chardet@0.7.0 checking installable status
234 silly pacote range manifest for tmp@^0.0.33 fetched in 40ms
235 silly resolveWithNewModule tmp@0.0.33 checking installable status
236 silly pacote range manifest for iconv-lite@^0.4.24 fetched in 42ms
237 silly resolveWithNewModule iconv-lite@0.4.24 checking installable status
238 http fetch GET 304 https://registry.npmjs.org/safer-buffer 33ms (from cache)
239 silly pacote range manifest for safer-buffer@>= 2.1.2 < 3 fetched in 34ms
240 silly resolveWithNewModule safer-buffer@2.1.2 checking installable status
241 http fetch GET 304 https://registry.npmjs.org/os-tmpdir 26ms (from cache)
242 silly pacote range manifest for os-tmpdir@~1.0.2 fetched in 27ms
243 silly resolveWithNewModule os-tmpdir@1.0.2 checking installable status
244 http fetch GET 304 https://registry.npmjs.org/escape-string-regexp 27ms (from cache)
245 silly pacote range manifest for escape-string-regexp@^1.0.5 fetched in 29ms
246 silly resolveWithNewModule escape-string-regexp@1.0.5 checking installable status
247 silly pacote range manifest for tslib@^2.1.0 fetched in 1ms
248 silly resolveWithNewModule tslib@2.5.0 checking installable status
249 http fetch GET 304 https://registry.npmjs.org/emoji-regex 36ms (from cache)
250 silly pacote range manifest for emoji-regex@^8.0.0 fetched in 40ms
251 silly resolveWithNewModule emoji-regex@8.0.0 checking installable status
252 http fetch GET 304 https://registry.npmjs.org/is-fullwidth-code-point 43ms (from cache)
253 silly pacote range manifest for is-fullwidth-code-point@^3.0.0 fetched in 44ms
254 silly resolveWithNewModule is-fullwidth-code-point@3.0.0 checking installable status
255 http fetch GET 304 https://registry.npmjs.org/proc-log 28ms (from cache)
256 silly pacote range manifest for proc-log@^3.0.0 fetched in 30ms
257 silly resolveWithNewModule proc-log@3.0.0 checking installable status
258 http fetch GET 304 https://registry.npmjs.org/validate-npm-package-name 36ms (from cache)
259 silly pacote range manifest for validate-npm-package-name@^5.0.0 fetched in 37ms
260 silly resolveWithNewModule validate-npm-package-name@5.0.0 checking installable status
261 http fetch GET 304 https://registry.npmjs.org/hosted-git-info 39ms (from cache)
262 silly pacote range manifest for hosted-git-info@^6.0.0 fetched in 40ms
263 silly resolveWithNewModule hosted-git-info@6.1.1 checking installable status
264 http fetch GET 304 https://registry.npmjs.org/lru-cache 29ms (from cache)
265 silly pacote range manifest for lru-cache@^7.5.1 fetched in 32ms
266 silly resolveWithNewModule lru-cache@7.18.3 checking installable status
267 silly pacote range manifest for lru-cache@^6.0.0 fetched in 1ms
268 silly resolveWithNewModule lru-cache@6.0.0 checking installable status
269 http fetch GET 304 https://registry.npmjs.org/yallist 38ms (from cache)
270 silly pacote range manifest for yallist@^4.0.0 fetched in 39ms
271 silly resolveWithNewModule yallist@4.0.0 checking installable status
272 http fetch GET 304 https://registry.npmjs.org/builtins 29ms (from cache)
273 silly pacote range manifest for builtins@^5.0.0 fetched in 30ms
274 silly resolveWithNewModule builtins@5.0.1 checking installable status
275 http fetch GET 304 https://registry.npmjs.org/npm-normalize-package-bin 30ms (from cache)
276 silly pacote range manifest for npm-normalize-package-bin@^3.0.0 fetched in 31ms
277 silly resolveWithNewModule npm-normalize-package-bin@3.0.0 checking installable status
278 http fetch GET 304 https://registry.npmjs.org/npm-install-checks 31ms (from cache)
279 silly pacote range manifest for npm-install-checks@^6.0.0 fetched in 32ms
280 silly resolveWithNewModule npm-install-checks@6.1.1 checking installable status
281 http fetch GET 304 https://registry.npmjs.org/is-wsl 35ms (from cache)
282 silly pacote range manifest for is-wsl@^2.2.0 fetched in 37ms
283 silly resolveWithNewModule is-wsl@2.2.0 checking installable status
284 http fetch GET 304 https://registry.npmjs.org/define-lazy-prop 42ms (from cache)
285 silly pacote range manifest for define-lazy-prop@^2.0.0 fetched in 43ms
286 silly resolveWithNewModule define-lazy-prop@2.0.0 checking installable status
287 http fetch GET 304 https://registry.npmjs.org/is-docker 44ms (from cache)
288 silly pacote range manifest for is-docker@^2.1.1 fetched in 45ms
289 silly resolveWithNewModule is-docker@2.2.1 checking installable status
290 http fetch GET 304 https://registry.npmjs.org/fs-minipass 47ms (from cache)
291 silly pacote range manifest for fs-minipass@^3.0.0 fetched in 48ms
292 silly resolveWithNewModule fs-minipass@3.0.1 checking installable status
293 http fetch GET 304 https://registry.npmjs.org/npm-packlist 50ms (from cache)
294 http fetch GET 304 https://registry.npmjs.org/cacache 55ms (from cache)
295 http fetch GET 304 https://registry.npmjs.org/promise-retry 60ms (from cache)
296 silly pacote range manifest for npm-packlist@^7.0.0 fetched in 61ms
297 silly resolveWithNewModule npm-packlist@7.0.4 checking installable status
298 silly pacote range manifest for cacache@^17.0.0 fetched in 64ms
299 silly resolveWithNewModule cacache@17.0.5 checking installable status
300 silly pacote range manifest for promise-retry@^2.0.1 fetched in 67ms
301 silly resolveWithNewModule promise-retry@2.0.1 checking installable status
302 http fetch GET 304 https://registry.npmjs.org/minipass 68ms (from cache)
303 silly pacote range manifest for minipass@^4.0.0 fetched in 80ms
304 silly resolveWithNewModule minipass@4.2.8 checking installable status
305 http fetch GET 304 https://registry.npmjs.org/@npmcli%2fgit 103ms (from cache)
306 http fetch GET 304 https://registry.npmjs.org/@npmcli%2fpromise-spawn 105ms (from cache)
307 silly pacote range manifest for @npmcli/git@^4.0.0 fetched in 107ms
308 silly resolveWithNewModule @npmcli/git@4.0.4 checking installable status
309 http fetch GET 304 https://registry.npmjs.org/@npmcli%2frun-script 107ms (from cache)
310 http fetch GET 304 https://registry.npmjs.org/@npmcli%2finstalled-package-contents 110ms (from cache)
311 silly pacote range manifest for @npmcli/promise-spawn@^6.0.1 fetched in 111ms
312 silly resolveWithNewModule @npmcli/promise-spawn@6.0.2 checking installable status
313 silly pacote range manifest for @npmcli/run-script@^6.0.0 fetched in 112ms
314 silly resolveWithNewModule @npmcli/run-script@6.0.0 checking installable status
315 silly pacote range manifest for @npmcli/installed-package-contents@^2.0.1 fetched in 114ms
316 silly resolveWithNewModule @npmcli/installed-package-contents@2.0.2 checking installable status
317 http fetch GET 304 https://registry.npmjs.org/sigstore 57ms (from cache)
318 silly pacote range manifest for sigstore@^1.0.0 fetched in 60ms
319 silly resolveWithNewModule sigstore@1.3.0 checking installable status
320 http fetch GET 304 https://registry.npmjs.org/read-package-json-fast 61ms (from cache)
321 silly pacote range manifest for read-package-json-fast@^3.0.0 fetched in 64ms
322 silly resolveWithNewModule read-package-json-fast@3.0.2 checking installable status
323 http fetch GET 304 https://registry.npmjs.org/ssri 60ms (from cache)
324 silly pacote range manifest for ssri@^10.0.0 fetched in 61ms
325 silly resolveWithNewModule ssri@10.0.3 checking installable status
326 http fetch GET 304 https://registry.npmjs.org/tar 51ms (from cache)
327 silly pacote range manifest for tar@^6.1.11 fetched in 53ms
328 silly resolveWithNewModule tar@6.1.13 checking installable status
329 http fetch GET 304 https://registry.npmjs.org/read-package-json 316ms (from cache)
330 silly pacote range manifest for read-package-json@^6.0.0 fetched in 317ms
331 silly resolveWithNewModule read-package-json@6.0.1 checking installable status
332 http fetch GET 304 https://registry.npmjs.org/npm-registry-fetch 1117ms (from cache)
333 silly pacote range manifest for npm-registry-fetch@^14.0.0 fetched in 1119ms
334 silly resolveWithNewModule npm-registry-fetch@14.0.4 checking installable status
335 http fetch GET 304 https://registry.npmjs.org/promise-inflight 30ms (from cache)
336 silly pacote range manifest for promise-inflight@^1.0.1 fetched in 32ms
337 silly resolveWithNewModule promise-inflight@1.0.1 checking installable status
338 http fetch GET 304 https://registry.npmjs.org/which 31ms (from cache)
339 silly pacote range manifest for which@^3.0.0 fetched in 32ms
340 silly resolveWithNewModule which@3.0.0 checking installable status
341 http fetch GET 304 https://registry.npmjs.org/isexe 27ms (from cache)
342 silly pacote range manifest for isexe@^2.0.0 fetched in 28ms
343 silly resolveWithNewModule isexe@2.0.0 checking installable status
344 http fetch GET 304 https://registry.npmjs.org/err-code 39ms (from cache)
345 silly pacote range manifest for err-code@^2.0.2 fetched in 40ms
346 silly resolveWithNewModule err-code@2.0.3 checking installable status
347 http fetch GET 304 https://registry.npmjs.org/retry 41ms (from cache)
348 silly pacote range manifest for retry@^0.12.0 fetched in 42ms
349 silly resolveWithNewModule retry@0.12.0 checking installable status
350 http fetch GET 304 https://registry.npmjs.org/npm-bundled 33ms (from cache)
351 silly pacote range manifest for npm-bundled@^3.0.0 fetched in 34ms
352 silly resolveWithNewModule npm-bundled@3.0.0 checking installable status
353 http fetch GET 304 https://registry.npmjs.org/node-gyp 42ms (from cache)
354 silly pacote range manifest for node-gyp@^9.0.0 fetched in 45ms
355 silly resolveWithNewModule node-gyp@9.3.1 checking installable status
356 http fetch GET 304 https://registry.npmjs.org/@npmcli%2fnode-gyp 70ms (from cache)
357 silly pacote range manifest for @npmcli/node-gyp@^3.0.0 fetched in 71ms
358 silly resolveWithNewModule @npmcli/node-gyp@3.0.0 checking installable status
359 silly pacote range manifest for which@^2.0.2 fetched in 3ms
360 silly resolveWithNewModule which@2.0.2 checking installable status
361 http fetch GET 304 https://registry.npmjs.org/nopt 57ms (from cache)
362 http fetch GET 304 https://registry.npmjs.org/env-paths 60ms (from cache)
363 silly pacote range manifest for nopt@^6.0.0 fetched in 60ms
364 silly resolveWithNewModule nopt@6.0.0 checking installable status
365 http fetch GET 304 https://registry.npmjs.org/npmlog 61ms (from cache)
366 http fetch GET 304 https://registry.npmjs.org/glob 63ms (from cache)
367 silly pacote range manifest for env-paths@^2.2.0 fetched in 65ms
368 silly resolveWithNewModule env-paths@2.2.1 checking installable status
369 silly pacote range manifest for npmlog@^6.0.0 fetched in 66ms
370 silly resolveWithNewModule npmlog@6.0.2 checking installable status
371 http fetch GET 304 https://registry.npmjs.org/rimraf 67ms (from cache)
372 silly pacote range manifest for glob@^7.1.4 fetched in 69ms
373 silly resolveWithNewModule glob@7.2.3 checking installable status
374 http fetch GET 304 https://registry.npmjs.org/make-fetch-happen 69ms (from cache)
375 silly pacote range manifest for rimraf@^3.0.2 fetched in 72ms
376 silly resolveWithNewModule rimraf@3.0.2 checking installable status
377 silly pacote range manifest for make-fetch-happen@^10.0.3 fetched in 73ms
378 silly resolveWithNewModule make-fetch-happen@10.2.1 checking installable status
379 http fetch GET 304 https://registry.npmjs.org/graceful-fs 75ms (from cache)
380 silly pacote range manifest for graceful-fs@^4.2.6 fetched in 76ms
381 silly resolveWithNewModule graceful-fs@4.2.11 checking installable status
382 http fetch GET 304 https://registry.npmjs.org/fs.realpath 29ms (from cache)
383 silly pacote range manifest for fs.realpath@^1.0.0 fetched in 30ms
384 silly resolveWithNewModule fs.realpath@1.0.0 checking installable status
385 http fetch GET 304 https://registry.npmjs.org/once 41ms (from cache)
386 silly pacote range manifest for once@^1.3.0 fetched in 43ms
387 silly resolveWithNewModule once@1.4.0 checking installable status
388 http fetch GET 304 https://registry.npmjs.org/path-is-absolute 46ms (from cache)
389 http fetch GET 304 https://registry.npmjs.org/inflight 48ms (from cache)
390 silly pacote range manifest for path-is-absolute@^1.0.0 fetched in 48ms
391 silly resolveWithNewModule path-is-absolute@1.0.1 checking installable status
392 silly pacote range manifest for inflight@^1.0.4 fetched in 49ms
393 silly resolveWithNewModule inflight@1.0.6 checking installable status
394 http fetch GET 304 https://registry.npmjs.org/minimatch 50ms (from cache)
395 silly pacote range manifest for minimatch@^3.1.1 fetched in 53ms
396 silly resolveWithNewModule minimatch@3.1.2 checking installable status
397 http fetch GET 304 https://registry.npmjs.org/wrappy 31ms (from cache)
398 silly pacote range manifest for wrappy@1 fetched in 33ms
399 silly resolveWithNewModule wrappy@1.0.2 checking installable status
400 http fetch GET 304 https://registry.npmjs.org/brace-expansion 32ms (from cache)
401 silly pacote range manifest for brace-expansion@^1.1.7 fetched in 33ms
402 silly resolveWithNewModule brace-expansion@1.1.11 checking installable status
403 http fetch GET 304 https://registry.npmjs.org/balanced-match 27ms (from cache)
404 silly pacote range manifest for balanced-match@^1.0.0 fetched in 28ms
405 silly resolveWithNewModule balanced-match@1.0.2 checking installable status
406 http fetch GET 304 https://registry.npmjs.org/concat-map 38ms (from cache)
407 silly pacote version manifest for concat-map@0.0.1 fetched in 39ms
408 silly resolveWithNewModule concat-map@0.0.1 checking installable status
409 silly pacote range manifest for cacache@^16.1.0 fetched in 6ms
410 silly resolveWithNewModule cacache@16.1.3 checking installable status
411 silly pacote range manifest for minipass@^3.1.6 fetched in 6ms
412 silly resolveWithNewModule minipass@3.3.6 checking installable status
413 http fetch GET 304 https://registry.npmjs.org/http-cache-semantics 33ms (from cache)
414 silly pacote range manifest for http-cache-semantics@^4.1.0 fetched in 37ms
415 silly resolveWithNewModule http-cache-semantics@4.1.1 checking installable status
416 http fetch GET 304 https://registry.npmjs.org/minipass-fetch 73ms (from cache)
417 http fetch GET 304 https://registry.npmjs.org/http-proxy-agent 77ms (from cache)
418 http fetch GET 304 https://registry.npmjs.org/minipass-collect 77ms (from cache)
419 http fetch GET 304 https://registry.npmjs.org/https-proxy-agent 80ms (from cache)
420 silly pacote range manifest for minipass-fetch@^2.0.3 fetched in 81ms
421 silly resolveWithNewModule minipass-fetch@2.1.2 checking installable status
422 http fetch GET 304 https://registry.npmjs.org/negotiator 71ms (from cache)
423 http fetch GET 304 https://registry.npmjs.org/minipass-flush 82ms (from cache)
424 http fetch GET 304 https://registry.npmjs.org/is-lambda 83ms (from cache)
425 silly pacote range manifest for http-proxy-agent@^5.0.0 fetched in 85ms
426 silly resolveWithNewModule http-proxy-agent@5.0.0 checking installable status
427 silly pacote range manifest for minipass-collect@^1.0.2 fetched in 84ms
428 silly resolveWithNewModule minipass-collect@1.0.2 checking installable status
429 http fetch GET 304 https://registry.npmjs.org/minipass-pipeline 78ms (from cache)
430 silly pacote range manifest for https-proxy-agent@^5.0.0 fetched in 91ms
431 silly resolveWithNewModule https-proxy-agent@5.0.1 checking installable status
432 silly pacote range manifest for ssri@^9.0.0 fetched in 9ms
433 silly resolveWithNewModule ssri@9.0.1 checking installable status
434 silly pacote range manifest for negotiator@^0.6.3 fetched in 80ms
435 silly resolveWithNewModule negotiator@0.6.3 checking installable status
436 silly pacote range manifest for minipass-flush@^1.0.5 fetched in 93ms
437 silly resolveWithNewModule minipass-flush@1.0.5 checking installable status
438 silly pacote range manifest for is-lambda@^1.0.1 fetched in 93ms
439 silly resolveWithNewModule is-lambda@1.0.1 checking installable status
440 silly pacote range manifest for minipass-pipeline@^1.2.4 fetched in 82ms
441 silly resolveWithNewModule minipass-pipeline@1.2.4 checking installable status
442 http fetch GET 304 https://registry.npmjs.org/agentkeepalive 96ms (from cache)
443 silly pacote range manifest for agentkeepalive@^4.2.1 fetched in 98ms
444 silly resolveWithNewModule agentkeepalive@4.3.0 checking installable status
445 http fetch GET 304 https://registry.npmjs.org/socks-proxy-agent 60ms (from cache)
446 silly pacote range manifest for socks-proxy-agent@^7.0.0 fetched in 63ms
447 silly resolveWithNewModule socks-proxy-agent@7.0.0 checking installable status
448 http fetch GET 304 https://registry.npmjs.org/depd 35ms (from cache)
449 silly pacote range manifest for depd@^2.0.0 fetched in 41ms
450 silly resolveWithNewModule depd@2.0.0 checking installable status
451 http fetch GET 304 https://registry.npmjs.org/debug 44ms (from cache)
452 silly pacote range manifest for debug@^4.1.0 fetched in 47ms
453 silly resolveWithNewModule debug@4.3.4 checking installable status
454 http fetch GET 304 https://registry.npmjs.org/humanize-ms 48ms (from cache)
455 silly pacote range manifest for humanize-ms@^1.2.1 fetched in 49ms
456 silly resolveWithNewModule humanize-ms@1.2.1 checking installable status
457 http fetch GET 304 https://registry.npmjs.org/ms 32ms (from cache)
458 silly pacote version manifest for ms@2.1.2 fetched in 35ms
459 silly resolveWithNewModule ms@2.1.2 checking installable status
460 silly pacote range manifest for fs-minipass@^2.1.0 fetched in 6ms
461 silly resolveWithNewModule fs-minipass@2.1.0 checking installable status
462 silly pacote range manifest for glob@^8.0.1 fetched in 6ms
463 silly resolveWithNewModule glob@8.1.0 checking installable status
464 http fetch GET 304 https://registry.npmjs.org/infer-owner 51ms (from cache)
465 http fetch GET 304 https://registry.npmjs.org/chownr 52ms (from cache)
466 http fetch GET 304 https://registry.npmjs.org/unique-filename 52ms (from cache)
467 http fetch GET 304 https://registry.npmjs.org/p-map 54ms (from cache)
468 silly pacote range manifest for infer-owner@^1.0.4 fetched in 56ms
469 silly resolveWithNewModule infer-owner@1.0.4 checking installable status
470 silly pacote range manifest for chownr@^2.0.0 fetched in 58ms
471 silly resolveWithNewModule chownr@2.0.0 checking installable status
472 http fetch GET 304 https://registry.npmjs.org/mkdirp 57ms (from cache)
473 silly pacote range manifest for unique-filename@^2.0.0 fetched in 58ms
474 silly resolveWithNewModule unique-filename@2.0.1 checking installable status
475 silly pacote range manifest for p-map@^4.0.0 fetched in 59ms
476 silly resolveWithNewModule p-map@4.0.0 checking installable status
477 silly pacote range manifest for mkdirp@^1.0.4 fetched in 62ms
478 silly resolveWithNewModule mkdirp@1.0.4 checking installable status
479 http fetch GET 304 https://registry.npmjs.org/@npmcli%2fmove-file 72ms (from cache)
480 http fetch GET 304 https://registry.npmjs.org/@npmcli%2ffs 74ms (from cache)
481 silly pacote range manifest for @npmcli/move-file@^2.0.0 fetched in 74ms
482 warn deprecated @npmcli/move-file@2.0.1: This functionality has been moved to @npmcli/fs
483 silly resolveWithNewModule @npmcli/move-file@2.0.1 checking installable status
484 silly pacote range manifest for @npmcli/fs@^2.1.0 fetched in 77ms
485 silly resolveWithNewModule @npmcli/fs@2.1.2 checking installable status
486 http fetch GET 304 https://registry.npmjs.org/@gar%2fpromisify 52ms (from cache)
487 silly pacote range manifest for @gar/promisify@^1.1.3 fetched in 53ms
488 silly resolveWithNewModule @gar/promisify@1.1.3 checking installable status
489 silly pacote range manifest for minimatch@^5.0.1 fetched in 1ms
490 silly resolveWithNewModule minimatch@5.1.6 checking installable status
491 silly pacote range manifest for brace-expansion@^2.0.1 fetched in 1ms
492 silly resolveWithNewModule brace-expansion@2.0.1 checking installable status
493 silly pacote range manifest for minipass@^3.0.0 fetched in 1ms
494 silly resolveWithNewModule minipass@3.3.6 checking installable status
495 silly pacote range manifest for minipass@^3.0.0 fetched in 1ms
496 silly resolveWithNewModule minipass@3.3.6 checking installable status
497 silly pacote range manifest for minipass@^3.0.0 fetched in 1ms
498 silly resolveWithNewModule minipass@3.3.6 checking installable status
499 http fetch GET 304 https://registry.npmjs.org/aggregate-error 29ms (from cache)
500 silly pacote range manifest for aggregate-error@^3.0.0 fetched in 30ms
501 silly resolveWithNewModule aggregate-error@3.1.0 checking installable status
502 http fetch GET 304 https://registry.npmjs.org/indent-string 27ms (from cache)
503 silly pacote range manifest for indent-string@^4.0.0 fetched in 29ms
504 silly resolveWithNewModule indent-string@4.0.0 checking installable status
505 http fetch GET 304 https://registry.npmjs.org/clean-stack 33ms (from cache)
506 silly pacote range manifest for clean-stack@^2.0.0 fetched in 35ms
507 silly resolveWithNewModule clean-stack@2.2.0 checking installable status
508 silly pacote range manifest for fs-minipass@^2.0.0 fetched in 2ms
509 silly resolveWithNewModule fs-minipass@2.1.0 checking installable status
510 http fetch GET 304 https://registry.npmjs.org/minizlib 33ms (from cache)
511 silly pacote range manifest for minizlib@^2.1.1 fetched in 34ms
512 silly resolveWithNewModule minizlib@2.1.2 checking installable status
513 silly pacote range manifest for minipass@^3.0.0 fetched in 1ms
514 silly resolveWithNewModule minipass@3.3.6 checking installable status
515 silly pacote range manifest for minipass@^3.0.0 fetched in 1ms
516 silly resolveWithNewModule minipass@3.3.6 checking installable status
517 http fetch GET 304 https://registry.npmjs.org/unique-slug 27ms (from cache)
518 silly pacote range manifest for unique-slug@^3.0.0 fetched in 28ms
519 silly resolveWithNewModule unique-slug@3.0.0 checking installable status
520 http fetch GET 304 https://registry.npmjs.org/imurmurhash 41ms (from cache)
521 silly pacote range manifest for imurmurhash@^0.1.4 fetched in 42ms
522 silly resolveWithNewModule imurmurhash@0.1.4 checking installable status
523 http fetch GET 304 https://registry.npmjs.org/agent-base 41ms (from cache)
524 silly pacote range manifest for agent-base@6 fetched in 42ms
525 silly resolveWithNewModule agent-base@6.0.2 checking installable status
526 http fetch GET 304 https://registry.npmjs.org/@tootallnate%2fonce 66ms (from cache)
527 silly pacote range manifest for @tootallnate/once@2 fetched in 67ms
528 silly resolveWithNewModule @tootallnate/once@2.0.0 checking installable status
529 silly pacote range manifest for minipass@^3.1.6 fetched in 6ms
530 silly resolveWithNewModule minipass@3.3.6 checking installable status
531 http fetch GET 304 https://registry.npmjs.org/encoding 41ms (from cache)
532 silly pacote range manifest for encoding@^0.1.13 fetched in 44ms
533 silly resolveWithNewModule encoding@0.1.13 checking installable status
534 http fetch GET 304 https://registry.npmjs.org/minipass-sized 1127ms (from cache)
535 silly pacote range manifest for minipass-sized@^1.0.3 fetched in 1134ms
536 silly resolveWithNewModule minipass-sized@1.0.3 checking installable status
537 silly pacote range manifest for iconv-lite@^0.6.2 fetched in 1ms
538 silly resolveWithNewModule iconv-lite@0.6.3 checking installable status
539 silly pacote range manifest for minipass@^3.0.0 fetched in 3ms
540 silly resolveWithNewModule minipass@3.3.6 checking installable status
541 http fetch GET 304 https://registry.npmjs.org/socks 39ms (from cache)
542 silly pacote range manifest for socks@^2.6.2 fetched in 40ms
543 silly resolveWithNewModule socks@2.7.1 checking installable status
544 http fetch GET 304 https://registry.npmjs.org/smart-buffer 34ms (from cache)
545 http fetch GET 304 https://registry.npmjs.org/ip 35ms (from cache)
546 silly pacote range manifest for smart-buffer@^4.2.0 fetched in 36ms
547 silly resolveWithNewModule smart-buffer@4.2.0 checking installable status
548 silly pacote range manifest for ip@^2.0.0 fetched in 38ms
549 silly resolveWithNewModule ip@2.0.0 checking installable status
550 http fetch GET 304 https://registry.npmjs.org/abbrev 27ms (from cache)
551 silly pacote range manifest for abbrev@^1.0.0 fetched in 28ms
552 silly resolveWithNewModule abbrev@1.1.1 checking installable status
553 http fetch GET 304 https://registry.npmjs.org/console-control-strings 37ms (from cache)
554 silly pacote range manifest for console-control-strings@^1.1.0 fetched in 38ms
555 silly resolveWithNewModule console-control-strings@1.1.0 checking installable status
556 http fetch GET 304 https://registry.npmjs.org/gauge 39ms (from cache)
557 silly pacote range manifest for gauge@^4.0.3 fetched in 41ms
558 silly resolveWithNewModule gauge@4.0.4 checking installable status
559 http fetch GET 304 https://registry.npmjs.org/set-blocking 41ms (from cache)
560 silly pacote range manifest for set-blocking@^2.0.0 fetched in 43ms
561 silly resolveWithNewModule set-blocking@2.0.0 checking installable status
562 http fetch GET 304 https://registry.npmjs.org/are-we-there-yet 47ms (from cache)
563 silly pacote range manifest for are-we-there-yet@^3.0.0 fetched in 48ms
564 silly resolveWithNewModule are-we-there-yet@3.0.1 checking installable status
565 http fetch GET 304 https://registry.npmjs.org/delegates 35ms (from cache)
566 silly pacote range manifest for delegates@^1.0.0 fetched in 36ms
567 silly resolveWithNewModule delegates@1.0.0 checking installable status
568 http fetch GET 304 https://registry.npmjs.org/color-support 31ms (from cache)
569 silly pacote range manifest for color-support@^1.1.3 fetched in 33ms
570 silly resolveWithNewModule color-support@1.1.3 checking installable status
571 http fetch GET 304 https://registry.npmjs.org/has-unicode 35ms (from cache)
572 silly pacote range manifest for has-unicode@^2.0.1 fetched in 35ms
573 silly resolveWithNewModule has-unicode@2.0.1 checking installable status
574 http fetch GET 304 https://registry.npmjs.org/wide-align 43ms (from cache)
575 http fetch GET 304 https://registry.npmjs.org/aproba 45ms (from cache)
576 silly pacote range manifest for wide-align@^1.1.5 fetched in 44ms
577 silly resolveWithNewModule wide-align@1.1.5 checking installable status
578 silly pacote range manifest for aproba@^1.0.3 || ^2.0.0 fetched in 46ms
579 silly resolveWithNewModule aproba@2.0.0 checking installable status
580 http fetch GET 304 https://registry.npmjs.org/json-parse-even-better-errors 29ms (from cache)
581 silly pacote range manifest for json-parse-even-better-errors@^3.0.0 fetched in 30ms
582 silly resolveWithNewModule json-parse-even-better-errors@3.0.0 checking installable status
583 silly pacote range manifest for unique-filename@^3.0.0 fetched in 11ms
584 silly resolveWithNewModule unique-filename@3.0.0 checking installable status
585 silly pacote range manifest for @npmcli/fs@^3.1.0 fetched in 12ms
586 silly resolveWithNewModule @npmcli/fs@3.1.0 checking installable status
587 silly pacote range manifest for glob@^9.3.1 fetched in 12ms
588 silly resolveWithNewModule glob@9.3.5 checking installable status
589 silly pacote range manifest for minimatch@^8.0.2 fetched in 1ms
590 silly resolveWithNewModule minimatch@8.0.4 checking installable status
591 http fetch GET 304 https://registry.npmjs.org/path-scurry 25ms (from cache)
592 silly pacote range manifest for path-scurry@^1.6.1 fetched in 26ms
593 silly resolveWithNewModule path-scurry@1.7.0 checking installable status
594 silly pacote range manifest for brace-expansion@^2.0.1 fetched in 2ms
595 silly resolveWithNewModule brace-expansion@2.0.1 checking installable status
596 silly pacote range manifest for lru-cache@^9.0.0 fetched in 1ms
597 silly resolveWithNewModule lru-cache@9.1.0 checking installable status
598 silly pacote range manifest for minipass@^5.0.0 fetched in 1ms
599 silly resolveWithNewModule minipass@5.0.0 checking installable status
600 silly pacote range manifest for unique-slug@^4.0.0 fetched in 1ms
601 silly resolveWithNewModule unique-slug@4.0.0 checking installable status
602 http fetch GET 304 https://registry.npmjs.org/ignore-walk 27ms (from cache)
603 silly pacote range manifest for ignore-walk@^6.0.0 fetched in 29ms
604 silly resolveWithNewModule ignore-walk@6.0.2 checking installable status
605 silly pacote range manifest for minimatch@^7.4.2 fetched in 1ms
606 silly resolveWithNewModule minimatch@7.4.6 checking installable status
607 silly pacote range manifest for brace-expansion@^2.0.1 fetched in 1ms
608 silly resolveWithNewModule brace-expansion@2.0.1 checking installable status
609 silly pacote range manifest for make-fetch-happen@^11.0.0 fetched in 2ms
610 silly resolveWithNewModule make-fetch-happen@11.1.0 checking installable status
611 silly pacote range manifest for minipass-fetch@^3.0.0 fetched in 2ms
612 silly resolveWithNewModule minipass-fetch@3.0.2 checking installable status
613 http fetch GET 304 https://registry.npmjs.org/minipass-json-stream 30ms (from cache)
614 silly pacote range manifest for minipass-json-stream@^1.0.1 fetched in 31ms
615 silly resolveWithNewModule minipass-json-stream@1.0.1 checking installable status
616 silly pacote range manifest for minipass@^3.0.0 fetched in 6ms
617 silly resolveWithNewModule minipass@3.3.6 checking installable status
618 http fetch GET 304 https://registry.npmjs.org/jsonparse 56ms (from cache)
619 silly pacote range manifest for jsonparse@^1.3.1 fetched in 57ms
620 silly resolveWithNewModule jsonparse@1.3.1 checking installable status
621 silly pacote range manifest for glob@^9.3.0 fetched in 2ms
622 silly resolveWithNewModule glob@9.3.5 checking installable status
623 http fetch GET 304 https://registry.npmjs.org/normalize-package-data 27ms (from cache)
624 silly pacote range manifest for normalize-package-data@^5.0.0 fetched in 28ms
625 silly resolveWithNewModule normalize-package-data@5.0.0 checking installable status
626 silly pacote range manifest for minimatch@^8.0.2 fetched in 1ms
627 silly resolveWithNewModule minimatch@8.0.4 checking installable status
628 silly pacote range manifest for brace-expansion@^2.0.1 fetched in 0ms
629 silly resolveWithNewModule brace-expansion@2.0.1 checking installable status
630 http fetch GET 304 https://registry.npmjs.org/is-core-module 28ms (from cache)
631 silly pacote range manifest for is-core-module@^2.8.1 fetched in 30ms
632 silly resolveWithNewModule is-core-module@2.12.0 checking installable status
633 http fetch GET 304 https://registry.npmjs.org/validate-npm-package-license 32ms (from cache)
634 silly pacote range manifest for validate-npm-package-license@^3.0.4 fetched in 33ms
635 silly resolveWithNewModule validate-npm-package-license@3.0.4 checking installable status
636 http fetch GET 304 https://registry.npmjs.org/has 28ms (from cache)
637 silly pacote range manifest for has@^1.0.3 fetched in 29ms
638 silly resolveWithNewModule has@1.0.3 checking installable status
639 http fetch GET 304 https://registry.npmjs.org/function-bind 40ms (from cache)
640 silly pacote range manifest for function-bind@^1.1.1 fetched in 41ms
641 silly resolveWithNewModule function-bind@1.1.1 checking installable status
642 http fetch GET 304 https://registry.npmjs.org/spdx-correct 32ms (from cache)
643 http fetch GET 304 https://registry.npmjs.org/spdx-expression-parse 32ms (from cache)
644 silly pacote range manifest for spdx-correct@^3.0.0 fetched in 34ms
645 silly resolveWithNewModule spdx-correct@3.2.0 checking installable status
646 silly pacote range manifest for spdx-expression-parse@^3.0.0 fetched in 34ms
647 silly resolveWithNewModule spdx-expression-parse@3.0.1 checking installable status
648 http fetch GET 304 https://registry.npmjs.org/spdx-license-ids 25ms (from cache)
649 silly pacote range manifest for spdx-license-ids@^3.0.0 fetched in 26ms
650 silly resolveWithNewModule spdx-license-ids@3.0.13 checking installable status
651 http fetch GET 304 https://registry.npmjs.org/spdx-exceptions 43ms (from cache)
652 silly pacote range manifest for spdx-exceptions@^2.1.0 fetched in 45ms
653 silly resolveWithNewModule spdx-exceptions@2.3.0 checking installable status
654 silly pacote range manifest for make-fetch-happen@^11.0.1 fetched in 2ms
655 silly resolveWithNewModule make-fetch-happen@11.1.0 checking installable status
656 http fetch GET 304 https://registry.npmjs.org/tuf-js 28ms (from cache)
657 silly pacote range manifest for tuf-js@^1.1.3 fetched in 29ms
658 silly resolveWithNewModule tuf-js@1.1.4 checking installable status
659 http fetch GET 304 https://registry.npmjs.org/@sigstore%2fprotobuf-specs 276ms (from cache)
660 silly pacote range manifest for @sigstore/protobuf-specs@^0.1.0 fetched in 279ms
661 silly resolveWithNewModule @sigstore/protobuf-specs@0.1.0 checking installable status
662 silly pacote range manifest for minipass-fetch@^3.0.0 fetched in 0ms
663 silly resolveWithNewModule minipass-fetch@3.0.2 checking installable status
664 silly pacote range manifest for make-fetch-happen@^11.0.1 fetched in 2ms
665 silly resolveWithNewModule make-fetch-happen@11.1.0 checking installable status
666 http fetch GET 304 https://registry.npmjs.org/@tufjs%2fmodels 56ms (from cache)
667 silly pacote version manifest for @tufjs/models@1.0.3 fetched in 57ms
668 silly resolveWithNewModule @tufjs/models@1.0.3 checking installable status
669 silly pacote range manifest for minimatch@^7.4.6 fetched in 1ms
670 silly resolveWithNewModule minimatch@7.4.6 checking installable status
671 http fetch GET 304 https://registry.npmjs.org/@tufjs%2fcanonical-json 76ms (from cache)
672 silly pacote version manifest for @tufjs/canonical-json@1.0.0 fetched in 77ms
673 silly resolveWithNewModule @tufjs/canonical-json@1.0.0 checking installable status
674 silly pacote range manifest for brace-expansion@^2.0.1 fetched in 1ms
675 silly resolveWithNewModule brace-expansion@2.0.1 checking installable status
676 silly pacote range manifest for minipass-fetch@^3.0.0 fetched in 3ms
677 silly resolveWithNewModule minipass-fetch@3.0.2 checking installable status
678 http fetch GET 304 https://registry.npmjs.org/path-parse 40ms (from cache)
679 silly pacote range manifest for path-parse@^1.0.7 fetched in 42ms
680 silly resolveWithNewModule path-parse@1.0.7 checking installable status
681 http fetch GET 304 https://registry.npmjs.org/supports-preserve-symlinks-flag 48ms (from cache)
682 silly pacote range manifest for supports-preserve-symlinks-flag@^1.0.0 fetched in 49ms
683 silly resolveWithNewModule supports-preserve-symlinks-flag@1.0.0 checking installable status
684 http fetch GET 304 https://registry.npmjs.org/get-caller-file 60ms (from cache)
685 http fetch GET 304 https://registry.npmjs.org/escalade 63ms (from cache)
686 silly pacote range manifest for get-caller-file@^2.0.5 fetched in 64ms
687 silly resolveWithNewModule get-caller-file@2.0.5 checking installable status
688 silly pacote range manifest for escalade@^3.1.1 fetched in 66ms
689 silly resolveWithNewModule escalade@3.1.1 checking installable status
690 http fetch GET 304 https://registry.npmjs.org/y18n 65ms (from cache)
691 http fetch GET 304 https://registry.npmjs.org/cliui 67ms (from cache)
692 silly pacote range manifest for y18n@^5.0.5 fetched in 67ms
693 silly resolveWithNewModule y18n@5.0.8 checking installable status
694 silly pacote range manifest for cliui@^8.0.1 fetched in 69ms
695 silly resolveWithNewModule cliui@8.0.1 checking installable status
696 http fetch GET 304 https://registry.npmjs.org/yargs-parser 68ms (from cache)
697 silly pacote range manifest for yargs-parser@^21.1.1 fetched in 71ms
698 silly resolveWithNewModule yargs-parser@21.1.1 checking installable status
699 http fetch GET 304 https://registry.npmjs.org/require-directory 72ms (from cache)
700 silly pacote range manifest for require-directory@^2.1.1 fetched in 73ms
701 silly resolveWithNewModule require-directory@2.1.1 checking installable status
702 timing stage:loadIdealTree:loadAllDepsIntoIdealTree Completed in 7745ms
703 timing stage:loadIdealTree Completed in 7849ms
704 silly currentTree lib
705 silly idealTree lib
705 silly idealTree  @angular/cli@15.2.6
705 silly idealTree    @angular-devkit/architect@0.1502.6
705 silly idealTree    @angular-devkit/core@15.2.6
705 silly idealTree    @angular-devkit/schematics@15.2.6
705 silly idealTree    @gar/promisify@1.1.3
705 silly idealTree    @jridgewell/sourcemap-codec@1.4.15
705 silly idealTree    @npmcli/fs@2.1.2
705 silly idealTree    @npmcli/git@4.0.4
705 silly idealTree    @npmcli/installed-package-contents@2.0.2
705 silly idealTree    @npmcli/move-file@2.0.1
705 silly idealTree    @npmcli/node-gyp@3.0.0
705 silly idealTree    @npmcli/promise-spawn@6.0.2
705 silly idealTree    @npmcli/run-script@6.0.0
705 silly idealTree    @schematics/angular@15.2.6
705 silly idealTree    @sigstore/protobuf-specs@0.1.0
705 silly idealTree    @tootallnate/once@2.0.0
705 silly idealTree    @tufjs/canonical-json@1.0.0
705 silly idealTree    @tufjs/models@1.0.3
705 silly idealTree     brace-expansion@2.0.1
705 silly idealTree     minimatch@7.4.6
705 silly idealTree    @yarnpkg/lockfile@1.1.0
705 silly idealTree    abbrev@1.1.1
705 silly idealTree    agent-base@6.0.2
705 silly idealTree    agentkeepalive@4.3.0
705 silly idealTree    aggregate-error@3.1.0
705 silly idealTree    ajv-formats@2.1.1
705 silly idealTree    ajv@8.12.0
705 silly idealTree    ansi-colors@4.1.3
705 silly idealTree    ansi-escapes@4.3.2
705 silly idealTree    ansi-regex@5.0.1
705 silly idealTree    ansi-styles@4.3.0
705 silly idealTree    aproba@2.0.0
705 silly idealTree    are-we-there-yet@3.0.1
705 silly idealTree    balanced-match@1.0.2
705 silly idealTree    base64-js@1.5.1
705 silly idealTree    bl@4.1.0
705 silly idealTree    brace-expansion@1.1.11
705 silly idealTree    buffer@5.7.1
705 silly idealTree    builtins@5.0.1
705 silly idealTree    cacache@17.0.5
705 silly idealTree     @npmcli/fs@3.1.0
705 silly idealTree     brace-expansion@2.0.1
705 silly idealTree     glob@9.3.5
705 silly idealTree     minimatch@8.0.4
705 silly idealTree     unique-filename@3.0.0
705 silly idealTree     unique-slug@4.0.0
705 silly idealTree    chalk@4.1.2
705 silly idealTree    chardet@0.7.0
705 silly idealTree    chownr@2.0.0
705 silly idealTree    clean-stack@2.2.0
705 silly idealTree    cli-cursor@3.1.0
705 silly idealTree    cli-spinners@2.8.0
705 silly idealTree    cli-width@3.0.0
705 silly idealTree    cliui@8.0.1
705 silly idealTree    clone@1.0.4
705 silly idealTree    color-convert@2.0.1
705 silly idealTree    color-name@1.1.4
705 silly idealTree    color-support@1.1.3
705 silly idealTree    concat-map@0.0.1
705 silly idealTree    console-control-strings@1.1.0
705 silly idealTree    debug@4.3.4
705 silly idealTree    defaults@1.0.4
705 silly idealTree    define-lazy-prop@2.0.0
705 silly idealTree    delegates@1.0.0
705 silly idealTree    depd@2.0.0
705 silly idealTree    emoji-regex@8.0.0
705 silly idealTree    encoding@0.1.13
705 silly idealTree     iconv-lite@0.6.3
705 silly idealTree    env-paths@2.2.1
705 silly idealTree    err-code@2.0.3
705 silly idealTree    escalade@3.1.1
705 silly idealTree    escape-string-regexp@1.0.5
705 silly idealTree    external-editor@3.1.0
705 silly idealTree    fast-deep-equal@3.1.3
705 silly idealTree    figures@3.2.0
705 silly idealTree    fs-minipass@3.0.1
705 silly idealTree    fs.realpath@1.0.0
705 silly idealTree    function-bind@1.1.1
705 silly idealTree    gauge@4.0.4
705 silly idealTree    get-caller-file@2.0.5
705 silly idealTree    glob@7.2.3
705 silly idealTree    graceful-fs@4.2.11
705 silly idealTree    has-flag@4.0.0
705 silly idealTree    has-unicode@2.0.1
705 silly idealTree    has@1.0.3
705 silly idealTree    hosted-git-info@6.1.1
705 silly idealTree    http-cache-semantics@4.1.1
705 silly idealTree    http-proxy-agent@5.0.0
705 silly idealTree    https-proxy-agent@5.0.1
705 silly idealTree    humanize-ms@1.2.1
705 silly idealTree    iconv-lite@0.4.24
705 silly idealTree    ieee754@1.2.1
705 silly idealTree    ignore-walk@6.0.2
705 silly idealTree     brace-expansion@2.0.1
705 silly idealTree     minimatch@7.4.6
705 silly idealTree    imurmurhash@0.1.4
705 silly idealTree    indent-string@4.0.0
705 silly idealTree    infer-owner@1.0.4
705 silly idealTree    inflight@1.0.6
705 silly idealTree    inherits@2.0.4
705 silly idealTree    ini@3.0.1
705 silly idealTree    inquirer@8.2.4
705 silly idealTree     rxjs@7.8.0
705 silly idealTree     tslib@2.5.0
705 silly idealTree    ip@2.0.0
705 silly idealTree    is-core-module@2.12.0
705 silly idealTree    is-docker@2.2.1
705 silly idealTree    is-fullwidth-code-point@3.0.0
705 silly idealTree    is-interactive@1.0.0
705 silly idealTree    is-lambda@1.0.1
705 silly idealTree    is-unicode-supported@0.1.0
705 silly idealTree    is-wsl@2.2.0
705 silly idealTree    isexe@2.0.0
705 silly idealTree    json-parse-even-better-errors@3.0.0
705 silly idealTree    json-schema-traverse@1.0.0
705 silly idealTree    jsonc-parser@3.2.0
705 silly idealTree    jsonparse@1.3.1
705 silly idealTree    lodash@4.17.21
705 silly idealTree    log-symbols@4.1.0
705 silly idealTree    lru-cache@7.18.3
705 silly idealTree    magic-string@0.29.0
705 silly idealTree    make-fetch-happen@10.2.1
705 silly idealTree     brace-expansion@2.0.1
705 silly idealTree     cacache@16.1.3
705 silly idealTree     fs-minipass@2.1.0
705 silly idealTree     glob@8.1.0
705 silly idealTree     minimatch@5.1.6
705 silly idealTree     minipass@3.3.6
705 silly idealTree     ssri@9.0.1
705 silly idealTree    mimic-fn@2.1.0
705 silly idealTree    minimatch@3.1.2
705 silly idealTree    minipass-collect@1.0.2
705 silly idealTree     minipass@3.3.6
705 silly idealTree    minipass-fetch@2.1.2
705 silly idealTree     minipass@3.3.6
705 silly idealTree    minipass-flush@1.0.5
705 silly idealTree     minipass@3.3.6
705 silly idealTree    minipass-json-stream@1.0.1
705 silly idealTree     minipass@3.3.6
705 silly idealTree    minipass-pipeline@1.2.4
705 silly idealTree     minipass@3.3.6
705 silly idealTree    minipass-sized@1.0.3
705 silly idealTree     minipass@3.3.6
705 silly idealTree    minipass@4.2.8
705 silly idealTree    minizlib@2.1.2
705 silly idealTree     minipass@3.3.6
705 silly idealTree    mkdirp@1.0.4
705 silly idealTree    ms@2.1.2
705 silly idealTree    mute-stream@0.0.8
705 silly idealTree    negotiator@0.6.3
705 silly idealTree    node-gyp@9.3.1
705 silly idealTree     which@2.0.2
705 silly idealTree    nopt@6.0.0
705 silly idealTree    normalize-package-data@5.0.0
705 silly idealTree    npm-bundled@3.0.0
705 silly idealTree    npm-install-checks@6.1.1
705 silly idealTree    npm-normalize-package-bin@3.0.0
705 silly idealTree    npm-package-arg@10.1.0
705 silly idealTree    npm-packlist@7.0.4
705 silly idealTree    npm-pick-manifest@8.0.1
705 silly idealTree    npm-registry-fetch@14.0.4
705 silly idealTree     make-fetch-happen@11.1.0
705 silly idealTree     minipass-fetch@3.0.2
705 silly idealTree    npmlog@6.0.2
705 silly idealTree    once@1.4.0
705 silly idealTree    onetime@5.1.2
705 silly idealTree    open@8.4.1
705 silly idealTree    ora@5.4.1
705 silly idealTree    os-tmpdir@1.0.2
705 silly idealTree    p-map@4.0.0
705 silly idealTree    pacote@15.1.0
705 silly idealTree    path-is-absolute@1.0.1
705 silly idealTree    path-parse@1.0.7
705 silly idealTree    path-scurry@1.7.0
705 silly idealTree     lru-cache@9.1.0
705 silly idealTree     minipass@5.0.0
705 silly idealTree    proc-log@3.0.0
705 silly idealTree    promise-inflight@1.0.1
705 silly idealTree    promise-retry@2.0.1
705 silly idealTree    punycode@2.3.0
705 silly idealTree    read-package-json-fast@3.0.2
705 silly idealTree    read-package-json@6.0.1
705 silly idealTree     brace-expansion@2.0.1
705 silly idealTree     glob@9.3.5
705 silly idealTree     minimatch@8.0.4
705 silly idealTree    readable-stream@3.6.2
705 silly idealTree    require-directory@2.1.1
705 silly idealTree    require-from-string@2.0.2
705 silly idealTree    resolve@1.22.1
705 silly idealTree    restore-cursor@3.1.0
705 silly idealTree    retry@0.12.0
705 silly idealTree    rimraf@3.0.2
705 silly idealTree    run-async@2.4.1
705 silly idealTree    rxjs@6.6.7
705 silly idealTree    safe-buffer@5.2.1
705 silly idealTree    safer-buffer@2.1.2
705 silly idealTree    semver@7.3.8
705 silly idealTree     lru-cache@6.0.0
705 silly idealTree    set-blocking@2.0.0
705 silly idealTree    signal-exit@3.0.7
705 silly idealTree    sigstore@1.3.0
705 silly idealTree     make-fetch-happen@11.1.0
705 silly idealTree     minipass-fetch@3.0.2
705 silly idealTree    smart-buffer@4.2.0
705 silly idealTree    socks-proxy-agent@7.0.0
705 silly idealTree    socks@2.7.1
705 silly idealTree    source-map@0.7.4
705 silly idealTree    spdx-correct@3.2.0
705 silly idealTree    spdx-exceptions@2.3.0
705 silly idealTree    spdx-expression-parse@3.0.1
705 silly idealTree    spdx-license-ids@3.0.13
705 silly idealTree    ssri@10.0.3
705 silly idealTree    string_decoder@1.3.0
705 silly idealTree    string-width@4.2.3
705 silly idealTree    strip-ansi@6.0.1
705 silly idealTree    supports-color@7.2.0
705 silly idealTree    supports-preserve-symlinks-flag@1.0.0
705 silly idealTree    symbol-observable@4.0.0
705 silly idealTree    tar@6.1.13
705 silly idealTree     fs-minipass@2.1.0
705 silly idealTree       minipass@3.3.6
705 silly idealTree    through@2.3.8
705 silly idealTree    tmp@0.0.33
705 silly idealTree    tslib@1.14.1
705 silly idealTree    tuf-js@1.1.4
705 silly idealTree     make-fetch-happen@11.1.0
705 silly idealTree     minipass-fetch@3.0.2
705 silly idealTree    type-fest@0.21.3
705 silly idealTree    unique-filename@2.0.1
705 silly idealTree    unique-slug@3.0.0
705 silly idealTree    uri-js@4.4.1
705 silly idealTree    util-deprecate@1.0.2
705 silly idealTree    validate-npm-package-license@3.0.4
705 silly idealTree    validate-npm-package-name@5.0.0
705 silly idealTree    wcwidth@1.0.1
705 silly idealTree    which@3.0.0
705 silly idealTree    wide-align@1.1.5
705 silly idealTree    wrap-ansi@7.0.0
705 silly idealTree    wrappy@1.0.2
705 silly idealTree    y18n@5.0.8
705 silly idealTree    yallist@4.0.0
705 silly idealTree    yargs-parser@21.1.1
705 silly idealTree    yargs@17.6.2
706 silly install generateActionsToTake
707 warn checkPermissions Missing write access to /usr/local/lib
708 timing stage:rollbackFailedOptional Completed in 1ms
709 timing stage:runTopLevelLifecycles Completed in 8135ms
710 warn notsup Unsupported engine for @angular/cli@15.2.6: wanted: {"node":"^14.20.0 || ^16.13.0 || >=18.10.0","npm":"^6.11.0 || ^7.5.6 || >=8.0.0","yarn":">= 1.13.0"} (current: {"node":"10.19.0","npm":"6.14.4"})
711 warn notsup Not compatible with your version of node/npm: @angular/cli@15.2.6
712 verbose notsup Not compatible with your version of node/npm: @angular/cli@15.2.6
712 verbose notsup Required: {"node":"^14.20.0 || ^16.13.0 || >=18.10.0","npm":"^6.11.0 || ^7.5.6 || >=8.0.0","yarn":">= 1.13.0"}
712 verbose notsup Actual:   {"npm":"6.14.4","node":"10.19.0"}
713 warn notsup Unsupported engine for npm-package-arg@10.1.0: wanted: {"node":"^14.17.0 || ^16.13.0 || >=18.0.0"} (current: {"node":"10.19.0","npm":"6.14.4"})
714 warn notsup Not compatible with your version of node/npm: npm-package-arg@10.1.0
715 verbose notsup Not compatible with your version of node/npm: npm-package-arg@10.1.0
715 verbose notsup Required: {"node":"^14.17.0 || ^16.13.0 || >=18.0.0"}
715 verbose notsup Actual:   {"npm":"6.14.4","node":"10.19.0"}
716 warn notsup Unsupported engine for ini@3.0.1: wanted: {"node":"^12.13.0 || ^14.15.0 || >=16.0.0"} (current: {"node":"10.19.0","npm":"6.14.4"})
717 warn notsup Not compatible with your version of node/npm: ini@3.0.1
718 verbose notsup Not compatible with your version of node/npm: ini@3.0.1
718 verbose notsup Required: {"node":"^12.13.0 || ^14.15.0 || >=16.0.0"}
718 verbose notsup Actual:   {"npm":"6.14.4","node":"10.19.0"}
719 warn notsup Unsupported engine for inquirer@8.2.4: wanted: {"node":">=12.0.0"} (current: {"node":"10.19.0","npm":"6.14.4"})
720 warn notsup Not compatible with your version of node/npm: inquirer@8.2.4
721 verbose notsup Not compatible with your version of node/npm: inquirer@8.2.4
721 verbose notsup Required: {"node":">=12.0.0"}
721 verbose notsup Actual:   {"npm":"6.14.4","node":"10.19.0"}
722 warn notsup Unsupported engine for npm-pick-manifest@8.0.1: wanted: {"node":"^14.17.0 || ^16.13.0 || >=18.0.0"} (current: {"node":"10.19.0","npm":"6.14.4"})
723 warn notsup Not compatible with your version of node/npm: npm-pick-manifest@8.0.1
724 verbose notsup Not compatible with your version of node/npm: npm-pick-manifest@8.0.1
724 verbose notsup Required: {"node":"^14.17.0 || ^16.13.0 || >=18.0.0"}
724 verbose notsup Actual:   {"npm":"6.14.4","node":"10.19.0"}
725 warn notsup Unsupported engine for open@8.4.1: wanted: {"node":">=12"} (current: {"node":"10.19.0","npm":"6.14.4"})
726 warn notsup Not compatible with your version of node/npm: open@8.4.1
727 verbose notsup Not compatible with your version of node/npm: open@8.4.1
727 verbose notsup Required: {"node":">=12"}
727 verbose notsup Actual:   {"npm":"6.14.4","node":"10.19.0"}
728 warn notsup Unsupported engine for @angular-devkit/architect@0.1502.6: wanted: {"node":"^14.20.0 || ^16.13.0 || >=18.10.0","npm":"^6.11.0 || ^7.5.6 || >=8.0.0","yarn":">= 1.13.0"} (current: {"node":"10.19.0","npm":"6.14.4"})
729 warn notsup Not compatible with your version of node/npm: @angular-devkit/architect@0.1502.6
730 verbose notsup Not compatible with your version of node/npm: @angular-devkit/architect@0.1502.6
730 verbose notsup Required: {"node":"^14.20.0 || ^16.13.0 || >=18.10.0","npm":"^6.11.0 || ^7.5.6 || >=8.0.0","yarn":">= 1.13.0"}
730 verbose notsup Actual:   {"npm":"6.14.4","node":"10.19.0"}
731 warn notsup Unsupported engine for pacote@15.1.0: wanted: {"node":"^14.17.0 || ^16.13.0 || >=18.0.0"} (current: {"node":"10.19.0","npm":"6.14.4"})
732 warn notsup Not compatible with your version of node/npm: pacote@15.1.0
733 verbose notsup Not compatible with your version of node/npm: pacote@15.1.0
733 verbose notsup Required: {"node":"^14.17.0 || ^16.13.0 || >=18.0.0"}
733 verbose notsup Actual:   {"npm":"6.14.4","node":"10.19.0"}
734 warn notsup Unsupported engine for @schematics/angular@15.2.6: wanted: {"node":"^14.20.0 || ^16.13.0 || >=18.10.0","npm":"^6.11.0 || ^7.5.6 || >=8.0.0","yarn":">= 1.13.0"} (current: {"node":"10.19.0","npm":"6.14.4"})
735 warn notsup Not compatible with your version of node/npm: @schematics/angular@15.2.6
736 verbose notsup Not compatible with your version of node/npm: @schematics/angular@15.2.6
736 verbose notsup Required: {"node":"^14.20.0 || ^16.13.0 || >=18.10.0","npm":"^6.11.0 || ^7.5.6 || >=8.0.0","yarn":">= 1.13.0"}
736 verbose notsup Actual:   {"npm":"6.14.4","node":"10.19.0"}
737 warn notsup Unsupported engine for @angular-devkit/core@15.2.6: wanted: {"node":"^14.20.0 || ^16.13.0 || >=18.10.0","npm":"^6.11.0 || ^7.5.6 || >=8.0.0","yarn":">= 1.13.0"} (current: {"node":"10.19.0","npm":"6.14.4"})
738 warn notsup Not compatible with your version of node/npm: @angular-devkit/core@15.2.6
739 verbose notsup Not compatible with your version of node/npm: @angular-devkit/core@15.2.6
739 verbose notsup Required: {"node":"^14.20.0 || ^16.13.0 || >=18.10.0","npm":"^6.11.0 || ^7.5.6 || >=8.0.0","yarn":">= 1.13.0"}
739 verbose notsup Actual:   {"npm":"6.14.4","node":"10.19.0"}
740 warn notsup Unsupported engine for yargs@17.6.2: wanted: {"node":">=12"} (current: {"node":"10.19.0","npm":"6.14.4"})
741 warn notsup Not compatible with your version of node/npm: yargs@17.6.2
742 verbose notsup Not compatible with your version of node/npm: yargs@17.6.2
742 verbose notsup Required: {"node":">=12"}
742 verbose notsup Actual:   {"npm":"6.14.4","node":"10.19.0"}
743 warn notsup Unsupported engine for @angular-devkit/schematics@15.2.6: wanted: {"node":"^14.20.0 || ^16.13.0 || >=18.10.0","npm":"^6.11.0 || ^7.5.6 || >=8.0.0","yarn":">= 1.13.0"} (current: {"node":"10.19.0","npm":"6.14.4"})
744 warn notsup Not compatible with your version of node/npm: @angular-devkit/schematics@15.2.6
745 verbose notsup Not compatible with your version of node/npm: @angular-devkit/schematics@15.2.6
745 verbose notsup Required: {"node":"^14.20.0 || ^16.13.0 || >=18.10.0","npm":"^6.11.0 || ^7.5.6 || >=8.0.0","yarn":">= 1.13.0"}
745 verbose notsup Actual:   {"npm":"6.14.4","node":"10.19.0"}
746 warn notsup Unsupported engine for magic-string@0.29.0: wanted: {"node":">=12"} (current: {"node":"10.19.0","npm":"6.14.4"})
747 warn notsup Not compatible with your version of node/npm: magic-string@0.29.0
748 verbose notsup Not compatible with your version of node/npm: magic-string@0.29.0
748 verbose notsup Required: {"node":">=12"}
748 verbose notsup Actual:   {"npm":"6.14.4","node":"10.19.0"}
749 warn notsup Unsupported engine for proc-log@3.0.0: wanted: {"node":"^14.17.0 || ^16.13.0 || >=18.0.0"} (current: {"node":"10.19.0","npm":"6.14.4"})
750 warn notsup Not compatible with your version of node/npm: proc-log@3.0.0
751 verbose notsup Not compatible with your version of node/npm: proc-log@3.0.0
751 verbose notsup Required: {"node":"^14.17.0 || ^16.13.0 || >=18.0.0"}
751 verbose notsup Actual:   {"npm":"6.14.4","node":"10.19.0"}
752 warn notsup Unsupported engine for validate-npm-package-name@5.0.0: wanted: {"node":"^14.17.0 || ^16.13.0 || >=18.0.0"} (current: {"node":"10.19.0","npm":"6.14.4"})
753 warn notsup Not compatible with your version of node/npm: validate-npm-package-name@5.0.0
754 verbose notsup Not compatible with your version of node/npm: validate-npm-package-name@5.0.0
754 verbose notsup Required: {"node":"^14.17.0 || ^16.13.0 || >=18.0.0"}
754 verbose notsup Actual:   {"npm":"6.14.4","node":"10.19.0"}
755 warn notsup Unsupported engine for hosted-git-info@6.1.1: wanted: {"node":"^14.17.0 || ^16.13.0 || >=18.0.0"} (current: {"node":"10.19.0","npm":"6.14.4"})
756 warn notsup Not compatible with your version of node/npm: hosted-git-info@6.1.1
757 verbose notsup Not compatible with your version of node/npm: hosted-git-info@6.1.1
757 verbose notsup Required: {"node":"^14.17.0 || ^16.13.0 || >=18.0.0"}
757 verbose notsup Actual:   {"npm":"6.14.4","node":"10.19.0"}
758 warn notsup Unsupported engine for lru-cache@7.18.3: wanted: {"node":">=12"} (current: {"node":"10.19.0","npm":"6.14.4"})
759 warn notsup Not compatible with your version of node/npm: lru-cache@7.18.3
760 verbose notsup Not compatible with your version of node/npm: lru-cache@7.18.3
760 verbose notsup Required: {"node":">=12"}
760 verbose notsup Actual:   {"npm":"6.14.4","node":"10.19.0"}
761 warn notsup Unsupported engine for npm-normalize-package-bin@3.0.0: wanted: {"node":"^14.17.0 || ^16.13.0 || >=18.0.0"} (current: {"node":"10.19.0","npm":"6.14.4"})
762 warn notsup Not compatible with your version of node/npm: npm-normalize-package-bin@3.0.0
763 verbose notsup Not compatible with your version of node/npm: npm-normalize-package-bin@3.0.0
763 verbose notsup Required: {"node":"^14.17.0 || ^16.13.0 || >=18.0.0"}
763 verbose notsup Actual:   {"npm":"6.14.4","node":"10.19.0"}
764 warn notsup Unsupported engine for npm-install-checks@6.1.1: wanted: {"node":"^14.17.0 || ^16.13.0 || >=18.0.0"} (current: {"node":"10.19.0","npm":"6.14.4"})
765 warn notsup Not compatible with your version of node/npm: npm-install-checks@6.1.1
766 verbose notsup Not compatible with your version of node/npm: npm-install-checks@6.1.1
766 verbose notsup Required: {"node":"^14.17.0 || ^16.13.0 || >=18.0.0"}
766 verbose notsup Actual:   {"npm":"6.14.4","node":"10.19.0"}
767 warn notsup Unsupported engine for fs-minipass@3.0.1: wanted: {"node":"^14.17.0 || ^16.13.0 || >=18.0.0"} (current: {"node":"10.19.0","npm":"6.14.4"})
768 warn notsup Not compatible with your version of node/npm: fs-minipass@3.0.1
769 verbose notsup Not compatible with your version of node/npm: fs-minipass@3.0.1
769 verbose notsup Required: {"node":"^14.17.0 || ^16.13.0 || >=18.0.0"}
769 verbose notsup Actual:   {"npm":"6.14.4","node":"10.19.0"}
770 warn notsup Unsupported engine for npm-packlist@7.0.4: wanted: {"node":"^14.17.0 || ^16.13.0 || >=18.0.0"} (current: {"node":"10.19.0","npm":"6.14.4"})
771 warn notsup Not compatible with your version of node/npm: npm-packlist@7.0.4
772 verbose notsup Not compatible with your version of node/npm: npm-packlist@7.0.4
772 verbose notsup Required: {"node":"^14.17.0 || ^16.13.0 || >=18.0.0"}
772 verbose notsup Actual:   {"npm":"6.14.4","node":"10.19.0"}
773 warn notsup Unsupported engine for cacache@17.0.5: wanted: {"node":"^14.17.0 || ^16.13.0 || >=18.0.0"} (current: {"node":"10.19.0","npm":"6.14.4"})
774 warn notsup Not compatible with your version of node/npm: cacache@17.0.5
775 verbose notsup Not compatible with your version of node/npm: cacache@17.0.5
775 verbose notsup Required: {"node":"^14.17.0 || ^16.13.0 || >=18.0.0"}
775 verbose notsup Actual:   {"npm":"6.14.4","node":"10.19.0"}
776 warn notsup Unsupported engine for @npmcli/git@4.0.4: wanted: {"node":"^14.17.0 || ^16.13.0 || >=18.0.0"} (current: {"node":"10.19.0","npm":"6.14.4"})
777 warn notsup Not compatible with your version of node/npm: @npmcli/git@4.0.4
778 verbose notsup Not compatible with your version of node/npm: @npmcli/git@4.0.4
778 verbose notsup Required: {"node":"^14.17.0 || ^16.13.0 || >=18.0.0"}
778 verbose notsup Actual:   {"npm":"6.14.4","node":"10.19.0"}
779 warn notsup Unsupported engine for @npmcli/promise-spawn@6.0.2: wanted: {"node":"^14.17.0 || ^16.13.0 || >=18.0.0"} (current: {"node":"10.19.0","npm":"6.14.4"})
780 warn notsup Not compatible with your version of node/npm: @npmcli/promise-spawn@6.0.2
781 verbose notsup Not compatible with your version of node/npm: @npmcli/promise-spawn@6.0.2
781 verbose notsup Required: {"node":"^14.17.0 || ^16.13.0 || >=18.0.0"}
781 verbose notsup Actual:   {"npm":"6.14.4","node":"10.19.0"}
782 warn notsup Unsupported engine for @npmcli/run-script@6.0.0: wanted: {"node":"^14.17.0 || ^16.13.0 || >=18.0.0"} (current: {"node":"10.19.0","npm":"6.14.4"})
783 warn notsup Not compatible with your version of node/npm: @npmcli/run-script@6.0.0
784 verbose notsup Not compatible with your version of node/npm: @npmcli/run-script@6.0.0
784 verbose notsup Required: {"node":"^14.17.0 || ^16.13.0 || >=18.0.0"}
784 verbose notsup Actual:   {"npm":"6.14.4","node":"10.19.0"}
785 warn notsup Unsupported engine for @npmcli/installed-package-contents@2.0.2: wanted: {"node":"^14.17.0 || ^16.13.0 || >=18.0.0"} (current: {"node":"10.19.0","npm":"6.14.4"})
786 warn notsup Not compatible with your version of node/npm: @npmcli/installed-package-contents@2.0.2
787 verbose notsup Not compatible with your version of node/npm: @npmcli/installed-package-contents@2.0.2
787 verbose notsup Required: {"node":"^14.17.0 || ^16.13.0 || >=18.0.0"}
787 verbose notsup Actual:   {"npm":"6.14.4","node":"10.19.0"}
788 warn notsup Unsupported engine for sigstore@1.3.0: wanted: {"node":"^14.17.0 || ^16.13.0 || >=18.0.0"} (current: {"node":"10.19.0","npm":"6.14.4"})
789 warn notsup Not compatible with your version of node/npm: sigstore@1.3.0
790 verbose notsup Not compatible with your version of node/npm: sigstore@1.3.0
790 verbose notsup Required: {"node":"^14.17.0 || ^16.13.0 || >=18.0.0"}
790 verbose notsup Actual:   {"npm":"6.14.4","node":"10.19.0"}
791 warn notsup Unsupported engine for read-package-json-fast@3.0.2: wanted: {"node":"^14.17.0 || ^16.13.0 || >=18.0.0"} (current: {"node":"10.19.0","npm":"6.14.4"})
792 warn notsup Not compatible with your version of node/npm: read-package-json-fast@3.0.2
793 verbose notsup Not compatible with your version of node/npm: read-package-json-fast@3.0.2
793 verbose notsup Required: {"node":"^14.17.0 || ^16.13.0 || >=18.0.0"}
793 verbose notsup Actual:   {"npm":"6.14.4","node":"10.19.0"}
794 warn notsup Unsupported engine for ssri@10.0.3: wanted: {"node":"^14.17.0 || ^16.13.0 || >=18.0.0"} (current: {"node":"10.19.0","npm":"6.14.4"})
795 warn notsup Not compatible with your version of node/npm: ssri@10.0.3
796 verbose notsup Not compatible with your version of node/npm: ssri@10.0.3
796 verbose notsup Required: {"node":"^14.17.0 || ^16.13.0 || >=18.0.0"}
796 verbose notsup Actual:   {"npm":"6.14.4","node":"10.19.0"}
797 warn notsup Unsupported engine for read-package-json@6.0.1: wanted: {"node":"^14.17.0 || ^16.13.0 || >=18.0.0"} (current: {"node":"10.19.0","npm":"6.14.4"})
798 warn notsup Not compatible with your version of node/npm: read-package-json@6.0.1
799 verbose notsup Not compatible with your version of node/npm: read-package-json@6.0.1
799 verbose notsup Required: {"node":"^14.17.0 || ^16.13.0 || >=18.0.0"}
799 verbose notsup Actual:   {"npm":"6.14.4","node":"10.19.0"}
800 warn notsup Unsupported engine for npm-registry-fetch@14.0.4: wanted: {"node":"^14.17.0 || ^16.13.0 || >=18.0.0"} (current: {"node":"10.19.0","npm":"6.14.4"})
801 warn notsup Not compatible with your version of node/npm: npm-registry-fetch@14.0.4
802 verbose notsup Not compatible with your version of node/npm: npm-registry-fetch@14.0.4
802 verbose notsup Required: {"node":"^14.17.0 || ^16.13.0 || >=18.0.0"}
802 verbose notsup Actual:   {"npm":"6.14.4","node":"10.19.0"}
803 warn notsup Unsupported engine for which@3.0.0: wanted: {"node":"^14.17.0 || ^16.13.0 || >=18.0.0"} (current: {"node":"10.19.0","npm":"6.14.4"})
804 warn notsup Not compatible with your version of node/npm: which@3.0.0
805 verbose notsup Not compatible with your version of node/npm: which@3.0.0
805 verbose notsup Required: {"node":"^14.17.0 || ^16.13.0 || >=18.0.0"}
805 verbose notsup Actual:   {"npm":"6.14.4","node":"10.19.0"}
806 warn notsup Unsupported engine for npm-bundled@3.0.0: wanted: {"node":"^14.17.0 || ^16.13.0 || >=18.0.0"} (current: {"node":"10.19.0","npm":"6.14.4"})
807 warn notsup Not compatible with your version of node/npm: npm-bundled@3.0.0
808 verbose notsup Not compatible with your version of node/npm: npm-bundled@3.0.0
808 verbose notsup Required: {"node":"^14.17.0 || ^16.13.0 || >=18.0.0"}
808 verbose notsup Actual:   {"npm":"6.14.4","node":"10.19.0"}
809 warn notsup Unsupported engine for node-gyp@9.3.1: wanted: {"node":"^12.13 || ^14.13 || >=16"} (current: {"node":"10.19.0","npm":"6.14.4"})
810 warn notsup Not compatible with your version of node/npm: node-gyp@9.3.1
811 verbose notsup Not compatible with your version of node/npm: node-gyp@9.3.1
811 verbose notsup Required: {"node":"^12.13 || ^14.13 || >=16"}
811 verbose notsup Actual:   {"npm":"6.14.4","node":"10.19.0"}
812 warn notsup Unsupported engine for @npmcli/node-gyp@3.0.0: wanted: {"node":"^14.17.0 || ^16.13.0 || >=18.0.0"} (current: {"node":"10.19.0","npm":"6.14.4"})
813 warn notsup Not compatible with your version of node/npm: @npmcli/node-gyp@3.0.0
814 verbose notsup Not compatible with your version of node/npm: @npmcli/node-gyp@3.0.0
814 verbose notsup Required: {"node":"^14.17.0 || ^16.13.0 || >=18.0.0"}
814 verbose notsup Actual:   {"npm":"6.14.4","node":"10.19.0"}
815 warn notsup Unsupported engine for nopt@6.0.0: wanted: {"node":"^12.13.0 || ^14.15.0 || >=16.0.0"} (current: {"node":"10.19.0","npm":"6.14.4"})
816 warn notsup Not compatible with your version of node/npm: nopt@6.0.0
817 verbose notsup Not compatible with your version of node/npm: nopt@6.0.0
817 verbose notsup Required: {"node":"^12.13.0 || ^14.15.0 || >=16.0.0"}
817 verbose notsup Actual:   {"npm":"6.14.4","node":"10.19.0"}
818 warn notsup Unsupported engine for npmlog@6.0.2: wanted: {"node":"^12.13.0 || ^14.15.0 || >=16.0.0"} (current: {"node":"10.19.0","npm":"6.14.4"})
819 warn notsup Not compatible with your version of node/npm: npmlog@6.0.2
820 verbose notsup Not compatible with your version of node/npm: npmlog@6.0.2
820 verbose notsup Required: {"node":"^12.13.0 || ^14.15.0 || >=16.0.0"}
820 verbose notsup Actual:   {"npm":"6.14.4","node":"10.19.0"}
821 warn notsup Unsupported engine for make-fetch-happen@10.2.1: wanted: {"node":"^12.13.0 || ^14.15.0 || >=16.0.0"} (current: {"node":"10.19.0","npm":"6.14.4"})
822 warn notsup Not compatible with your version of node/npm: make-fetch-happen@10.2.1
823 verbose notsup Not compatible with your version of node/npm: make-fetch-happen@10.2.1
823 verbose notsup Required: {"node":"^12.13.0 || ^14.15.0 || >=16.0.0"}
823 verbose notsup Actual:   {"npm":"6.14.4","node":"10.19.0"}
824 warn notsup Unsupported engine for cacache@16.1.3: wanted: {"node":"^12.13.0 || ^14.15.0 || >=16.0.0"} (current: {"node":"10.19.0","npm":"6.14.4"})
825 warn notsup Not compatible with your version of node/npm: cacache@16.1.3
826 verbose notsup Not compatible with your version of node/npm: cacache@16.1.3
826 verbose notsup Required: {"node":"^12.13.0 || ^14.15.0 || >=16.0.0"}
826 verbose notsup Actual:   {"npm":"6.14.4","node":"10.19.0"}
827 warn notsup Unsupported engine for minipass-fetch@2.1.2: wanted: {"node":"^12.13.0 || ^14.15.0 || >=16.0.0"} (current: {"node":"10.19.0","npm":"6.14.4"})
828 warn notsup Not compatible with your version of node/npm: minipass-fetch@2.1.2
829 verbose notsup Not compatible with your version of node/npm: minipass-fetch@2.1.2
829 verbose notsup Required: {"node":"^12.13.0 || ^14.15.0 || >=16.0.0"}
829 verbose notsup Actual:   {"npm":"6.14.4","node":"10.19.0"}
830 warn notsup Unsupported engine for ssri@9.0.1: wanted: {"node":"^12.13.0 || ^14.15.0 || >=16.0.0"} (current: {"node":"10.19.0","npm":"6.14.4"})
831 warn notsup Not compatible with your version of node/npm: ssri@9.0.1
832 verbose notsup Not compatible with your version of node/npm: ssri@9.0.1
832 verbose notsup Required: {"node":"^12.13.0 || ^14.15.0 || >=16.0.0"}
832 verbose notsup Actual:   {"npm":"6.14.4","node":"10.19.0"}
833 warn notsup Unsupported engine for glob@8.1.0: wanted: {"node":">=12"} (current: {"node":"10.19.0","npm":"6.14.4"})
834 warn notsup Not compatible with your version of node/npm: glob@8.1.0
835 verbose notsup Not compatible with your version of node/npm: glob@8.1.0
835 verbose notsup Required: {"node":">=12"}
835 verbose notsup Actual:   {"npm":"6.14.4","node":"10.19.0"}
836 warn notsup Unsupported engine for unique-filename@2.0.1: wanted: {"node":"^12.13.0 || ^14.15.0 || >=16.0.0"} (current: {"node":"10.19.0","npm":"6.14.4"})
837 warn notsup Not compatible with your version of node/npm: unique-filename@2.0.1
838 verbose notsup Not compatible with your version of node/npm: unique-filename@2.0.1
838 verbose notsup Required: {"node":"^12.13.0 || ^14.15.0 || >=16.0.0"}
838 verbose notsup Actual:   {"npm":"6.14.4","node":"10.19.0"}
839 warn notsup Unsupported engine for @npmcli/move-file@2.0.1: wanted: {"node":"^12.13.0 || ^14.15.0 || >=16.0.0"} (current: {"node":"10.19.0","npm":"6.14.4"})
840 warn notsup Not compatible with your version of node/npm: @npmcli/move-file@2.0.1
841 verbose notsup Not compatible with your version of node/npm: @npmcli/move-file@2.0.1
841 verbose notsup Required: {"node":"^12.13.0 || ^14.15.0 || >=16.0.0"}
841 verbose notsup Actual:   {"npm":"6.14.4","node":"10.19.0"}
842 warn notsup Unsupported engine for @npmcli/fs@2.1.2: wanted: {"node":"^12.13.0 || ^14.15.0 || >=16.0.0"} (current: {"node":"10.19.0","npm":"6.14.4"})
843 warn notsup Not compatible with your version of node/npm: @npmcli/fs@2.1.2
844 verbose notsup Not compatible with your version of node/npm: @npmcli/fs@2.1.2
844 verbose notsup Required: {"node":"^12.13.0 || ^14.15.0 || >=16.0.0"}
844 verbose notsup Actual:   {"npm":"6.14.4","node":"10.19.0"}
845 warn notsup Unsupported engine for unique-slug@3.0.0: wanted: {"node":"^12.13.0 || ^14.15.0 || >=16.0.0"} (current: {"node":"10.19.0","npm":"6.14.4"})
846 warn notsup Not compatible with your version of node/npm: unique-slug@3.0.0
847 verbose notsup Not compatible with your version of node/npm: unique-slug@3.0.0
847 verbose notsup Required: {"node":"^12.13.0 || ^14.15.0 || >=16.0.0"}
847 verbose notsup Actual:   {"npm":"6.14.4","node":"10.19.0"}
848 warn notsup Unsupported engine for gauge@4.0.4: wanted: {"node":"^12.13.0 || ^14.15.0 || >=16.0.0"} (current: {"node":"10.19.0","npm":"6.14.4"})
849 warn notsup Not compatible with your version of node/npm: gauge@4.0.4
850 verbose notsup Not compatible with your version of node/npm: gauge@4.0.4
850 verbose notsup Required: {"node":"^12.13.0 || ^14.15.0 || >=16.0.0"}
850 verbose notsup Actual:   {"npm":"6.14.4","node":"10.19.0"}
851 warn notsup Unsupported engine for are-we-there-yet@3.0.1: wanted: {"node":"^12.13.0 || ^14.15.0 || >=16.0.0"} (current: {"node":"10.19.0","npm":"6.14.4"})
852 warn notsup Not compatible with your version of node/npm: are-we-there-yet@3.0.1
853 verbose notsup Not compatible with your version of node/npm: are-we-there-yet@3.0.1
853 verbose notsup Required: {"node":"^12.13.0 || ^14.15.0 || >=16.0.0"}
853 verbose notsup Actual:   {"npm":"6.14.4","node":"10.19.0"}
854 warn notsup Unsupported engine for json-parse-even-better-errors@3.0.0: wanted: {"node":"^14.17.0 || ^16.13.0 || >=18.0.0"} (current: {"node":"10.19.0","npm":"6.14.4"})
855 warn notsup Not compatible with your version of node/npm: json-parse-even-better-errors@3.0.0
856 verbose notsup Not compatible with your version of node/npm: json-parse-even-better-errors@3.0.0
856 verbose notsup Required: {"node":"^14.17.0 || ^16.13.0 || >=18.0.0"}
856 verbose notsup Actual:   {"npm":"6.14.4","node":"10.19.0"}
857 warn notsup Unsupported engine for unique-filename@3.0.0: wanted: {"node":"^14.17.0 || ^16.13.0 || >=18.0.0"} (current: {"node":"10.19.0","npm":"6.14.4"})
858 warn notsup Not compatible with your version of node/npm: unique-filename@3.0.0
859 verbose notsup Not compatible with your version of node/npm: unique-filename@3.0.0
859 verbose notsup Required: {"node":"^14.17.0 || ^16.13.0 || >=18.0.0"}
859 verbose notsup Actual:   {"npm":"6.14.4","node":"10.19.0"}
860 warn notsup Unsupported engine for @npmcli/fs@3.1.0: wanted: {"node":"^14.17.0 || ^16.13.0 || >=18.0.0"} (current: {"node":"10.19.0","npm":"6.14.4"})
861 warn notsup Not compatible with your version of node/npm: @npmcli/fs@3.1.0
862 verbose notsup Not compatible with your version of node/npm: @npmcli/fs@3.1.0
862 verbose notsup Required: {"node":"^14.17.0 || ^16.13.0 || >=18.0.0"}
862 verbose notsup Actual:   {"npm":"6.14.4","node":"10.19.0"}
863 warn notsup Unsupported engine for glob@9.3.5: wanted: {"node":">=16 || 14 >=14.17"} (current: {"node":"10.19.0","npm":"6.14.4"})
864 warn notsup Not compatible with your version of node/npm: glob@9.3.5
865 verbose notsup Not compatible with your version of node/npm: glob@9.3.5
865 verbose notsup Required: {"node":">=16 || 14 >=14.17"}
865 verbose notsup Actual:   {"npm":"6.14.4","node":"10.19.0"}
866 warn notsup Unsupported engine for minimatch@8.0.4: wanted: {"node":">=16 || 14 >=14.17"} (current: {"node":"10.19.0","npm":"6.14.4"})
867 warn notsup Not compatible with your version of node/npm: minimatch@8.0.4
868 verbose notsup Not compatible with your version of node/npm: minimatch@8.0.4
868 verbose notsup Required: {"node":">=16 || 14 >=14.17"}
868 verbose notsup Actual:   {"npm":"6.14.4","node":"10.19.0"}
869 warn notsup Unsupported engine for path-scurry@1.7.0: wanted: {"node":">=16 || 14 >=14.17"} (current: {"node":"10.19.0","npm":"6.14.4"})
870 warn notsup Not compatible with your version of node/npm: path-scurry@1.7.0
871 verbose notsup Not compatible with your version of node/npm: path-scurry@1.7.0
871 verbose notsup Required: {"node":">=16 || 14 >=14.17"}
871 verbose notsup Actual:   {"npm":"6.14.4","node":"10.19.0"}
872 warn notsup Unsupported engine for lru-cache@9.1.0: wanted: {"node":"14 || >=16.14"} (current: {"node":"10.19.0","npm":"6.14.4"})
873 warn notsup Not compatible with your version of node/npm: lru-cache@9.1.0
874 verbose notsup Not compatible with your version of node/npm: lru-cache@9.1.0
874 verbose notsup Required: {"node":"14 || >=16.14"}
874 verbose notsup Actual:   {"npm":"6.14.4","node":"10.19.0"}
875 warn notsup Unsupported engine for unique-slug@4.0.0: wanted: {"node":"^14.17.0 || ^16.13.0 || >=18.0.0"} (current: {"node":"10.19.0","npm":"6.14.4"})
876 warn notsup Not compatible with your version of node/npm: unique-slug@4.0.0
877 verbose notsup Not compatible with your version of node/npm: unique-slug@4.0.0
877 verbose notsup Required: {"node":"^14.17.0 || ^16.13.0 || >=18.0.0"}
877 verbose notsup Actual:   {"npm":"6.14.4","node":"10.19.0"}
878 warn notsup Unsupported engine for ignore-walk@6.0.2: wanted: {"node":"^14.17.0 || ^16.13.0 || >=18.0.0"} (current: {"node":"10.19.0","npm":"6.14.4"})
879 warn notsup Not compatible with your version of node/npm: ignore-walk@6.0.2
880 verbose notsup Not compatible with your version of node/npm: ignore-walk@6.0.2
880 verbose notsup Required: {"node":"^14.17.0 || ^16.13.0 || >=18.0.0"}
880 verbose notsup Actual:   {"npm":"6.14.4","node":"10.19.0"}
881 warn notsup Unsupported engine for make-fetch-happen@11.1.0: wanted: {"node":"^14.17.0 || ^16.13.0 || >=18.0.0"} (current: {"node":"10.19.0","npm":"6.14.4"})
882 warn notsup Not compatible with your version of node/npm: make-fetch-happen@11.1.0
883 verbose notsup Not compatible with your version of node/npm: make-fetch-happen@11.1.0
883 verbose notsup Required: {"node":"^14.17.0 || ^16.13.0 || >=18.0.0"}
883 verbose notsup Actual:   {"npm":"6.14.4","node":"10.19.0"}
884 warn notsup Unsupported engine for minipass-fetch@3.0.2: wanted: {"node":"^14.17.0 || ^16.13.0 || >=18.0.0"} (current: {"node":"10.19.0","npm":"6.14.4"})
885 warn notsup Not compatible with your version of node/npm: minipass-fetch@3.0.2
886 verbose notsup Not compatible with your version of node/npm: minipass-fetch@3.0.2
886 verbose notsup Required: {"node":"^14.17.0 || ^16.13.0 || >=18.0.0"}
886 verbose notsup Actual:   {"npm":"6.14.4","node":"10.19.0"}
887 warn notsup Unsupported engine for glob@9.3.5: wanted: {"node":">=16 || 14 >=14.17"} (current: {"node":"10.19.0","npm":"6.14.4"})
888 warn notsup Not compatible with your version of node/npm: glob@9.3.5
889 verbose notsup Not compatible with your version of node/npm: glob@9.3.5
889 verbose notsup Required: {"node":">=16 || 14 >=14.17"}
889 verbose notsup Actual:   {"npm":"6.14.4","node":"10.19.0"}
890 warn notsup Unsupported engine for normalize-package-data@5.0.0: wanted: {"node":"^14.17.0 || ^16.13.0 || >=18.0.0"} (current: {"node":"10.19.0","npm":"6.14.4"})
891 warn notsup Not compatible with your version of node/npm: normalize-package-data@5.0.0
892 verbose notsup Not compatible with your version of node/npm: normalize-package-data@5.0.0
892 verbose notsup Required: {"node":"^14.17.0 || ^16.13.0 || >=18.0.0"}
892 verbose notsup Actual:   {"npm":"6.14.4","node":"10.19.0"}
893 warn notsup Unsupported engine for minimatch@8.0.4: wanted: {"node":">=16 || 14 >=14.17"} (current: {"node":"10.19.0","npm":"6.14.4"})
894 warn notsup Not compatible with your version of node/npm: minimatch@8.0.4
895 verbose notsup Not compatible with your version of node/npm: minimatch@8.0.4
895 verbose notsup Required: {"node":">=16 || 14 >=14.17"}
895 verbose notsup Actual:   {"npm":"6.14.4","node":"10.19.0"}
896 warn notsup Unsupported engine for make-fetch-happen@11.1.0: wanted: {"node":"^14.17.0 || ^16.13.0 || >=18.0.0"} (current: {"node":"10.19.0","npm":"6.14.4"})
897 warn notsup Not compatible with your version of node/npm: make-fetch-happen@11.1.0
898 verbose notsup Not compatible with your version of node/npm: make-fetch-happen@11.1.0
898 verbose notsup Required: {"node":"^14.17.0 || ^16.13.0 || >=18.0.0"}
898 verbose notsup Actual:   {"npm":"6.14.4","node":"10.19.0"}
899 warn notsup Unsupported engine for tuf-js@1.1.4: wanted: {"node":"^14.17.0 || ^16.13.0 || >=18.0.0"} (current: {"node":"10.19.0","npm":"6.14.4"})
900 warn notsup Not compatible with your version of node/npm: tuf-js@1.1.4
901 verbose notsup Not compatible with your version of node/npm: tuf-js@1.1.4
901 verbose notsup Required: {"node":"^14.17.0 || ^16.13.0 || >=18.0.0"}
901 verbose notsup Actual:   {"npm":"6.14.4","node":"10.19.0"}
902 warn notsup Unsupported engine for @sigstore/protobuf-specs@0.1.0: wanted: {"node":"^14.17.0 || ^16.13.0 || >=18.0.0"} (current: {"node":"10.19.0","npm":"6.14.4"})
903 warn notsup Not compatible with your version of node/npm: @sigstore/protobuf-specs@0.1.0
904 verbose notsup Not compatible with your version of node/npm: @sigstore/protobuf-specs@0.1.0
904 verbose notsup Required: {"node":"^14.17.0 || ^16.13.0 || >=18.0.0"}
904 verbose notsup Actual:   {"npm":"6.14.4","node":"10.19.0"}
905 warn notsup Unsupported engine for minipass-fetch@3.0.2: wanted: {"node":"^14.17.0 || ^16.13.0 || >=18.0.0"} (current: {"node":"10.19.0","npm":"6.14.4"})
906 warn notsup Not compatible with your version of node/npm: minipass-fetch@3.0.2
907 verbose notsup Not compatible with your version of node/npm: minipass-fetch@3.0.2
907 verbose notsup Required: {"node":"^14.17.0 || ^16.13.0 || >=18.0.0"}
907 verbose notsup Actual:   {"npm":"6.14.4","node":"10.19.0"}
908 warn notsup Unsupported engine for make-fetch-happen@11.1.0: wanted: {"node":"^14.17.0 || ^16.13.0 || >=18.0.0"} (current: {"node":"10.19.0","npm":"6.14.4"})
909 warn notsup Not compatible with your version of node/npm: make-fetch-happen@11.1.0
910 verbose notsup Not compatible with your version of node/npm: make-fetch-happen@11.1.0
910 verbose notsup Required: {"node":"^14.17.0 || ^16.13.0 || >=18.0.0"}
910 verbose notsup Actual:   {"npm":"6.14.4","node":"10.19.0"}
911 warn notsup Unsupported engine for @tufjs/models@1.0.3: wanted: {"node":"^14.17.0 || ^16.13.0 || >=18.0.0"} (current: {"node":"10.19.0","npm":"6.14.4"})
912 warn notsup Not compatible with your version of node/npm: @tufjs/models@1.0.3
913 verbose notsup Not compatible with your version of node/npm: @tufjs/models@1.0.3
913 verbose notsup Required: {"node":"^14.17.0 || ^16.13.0 || >=18.0.0"}
913 verbose notsup Actual:   {"npm":"6.14.4","node":"10.19.0"}
914 warn notsup Unsupported engine for @tufjs/canonical-json@1.0.0: wanted: {"node":"^14.17.0 || ^16.13.0 || >=18.0.0"} (current: {"node":"10.19.0","npm":"6.14.4"})
915 warn notsup Not compatible with your version of node/npm: @tufjs/canonical-json@1.0.0
916 verbose notsup Not compatible with your version of node/npm: @tufjs/canonical-json@1.0.0
916 verbose notsup Required: {"node":"^14.17.0 || ^16.13.0 || >=18.0.0"}
916 verbose notsup Actual:   {"npm":"6.14.4","node":"10.19.0"}
917 warn notsup Unsupported engine for minipass-fetch@3.0.2: wanted: {"node":"^14.17.0 || ^16.13.0 || >=18.0.0"} (current: {"node":"10.19.0","npm":"6.14.4"})
918 warn notsup Not compatible with your version of node/npm: minipass-fetch@3.0.2
919 verbose notsup Not compatible with your version of node/npm: minipass-fetch@3.0.2
919 verbose notsup Required: {"node":"^14.17.0 || ^16.13.0 || >=18.0.0"}
919 verbose notsup Actual:   {"npm":"6.14.4","node":"10.19.0"}
920 warn notsup Unsupported engine for cliui@8.0.1: wanted: {"node":">=12"} (current: {"node":"10.19.0","npm":"6.14.4"})
921 warn notsup Not compatible with your version of node/npm: cliui@8.0.1
922 verbose notsup Not compatible with your version of node/npm: cliui@8.0.1
922 verbose notsup Required: {"node":">=12"}
922 verbose notsup Actual:   {"npm":"6.14.4","node":"10.19.0"}
923 warn notsup Unsupported engine for yargs-parser@21.1.1: wanted: {"node":">=12"} (current: {"node":"10.19.0","npm":"6.14.4"})
924 warn notsup Not compatible with your version of node/npm: yargs-parser@21.1.1
925 verbose notsup Not compatible with your version of node/npm: yargs-parser@21.1.1
925 verbose notsup Required: {"node":">=12"}
925 verbose notsup Actual:   {"npm":"6.14.4","node":"10.19.0"}
926 verbose stack Error: EACCES: permission denied, access '/usr/local/lib'
927 verbose cwd /home/sindhu
928 verbose Linux 5.15.0-1035-azure
929 verbose argv "/usr/bin/node" "/usr/bin/npm" "install" "-g" "@angular/cli"
930 verbose node v10.19.0
931 verbose npm  v6.14.4
932 error code EACCES
933 error syscall access
934 error path /usr/local/lib
935 error errno -13
936 error Error: EACCES: permission denied, access '/usr/local/lib'
936 error  { [Error: EACCES: permission denied, access '/usr/local/lib']
936 error   stack:
936 error    'Error: EACCES: permission denied, access \'/usr/local/lib\'',
936 error   errno: -13,
936 error   code: 'EACCES',
936 error   syscall: 'access',
936 error   path: '/usr/local/lib' }
937 error The operation was rejected by your operating system.
937 error It is likely you do not have the permissions to access this file as the current user
937 error
937 error If you believe this might be a permissions issue, please double-check the
937 error permissions of the file and its containing directories, or try running
937 error the command again as root/Administrator.
938 verbose exit [ -13, true ]
